<?xml version="1.0" encoding="UTF-8" ?>
<testsuite tests="314" failures="7" name="TestSuite" time="6,762.447" errors="0" skipped="0">
  <properties>
    <property name="java.runtime.name" value="Java(TM) SE Runtime Environment"/>
    <property name="sun.boot.library.path" value="C:\Program Files\Java\jdk1.8.0_40\jre\bin"/>
    <property name="java.vm.version" value="25.40-b25"/>
    <property name="java.vm.vendor" value="Oracle Corporation"/>
    <property name="java.vendor.url" value="http://java.oracle.com/"/>
    <property name="path.separator" value=";"/>
    <property name="java.vm.name" value="Java HotSpot(TM) 64-Bit Server VM"/>
    <property name="file.encoding.pkg" value="sun.io"/>
    <property name="user.script" value=""/>
    <property name="user.country" value="US"/>
    <property name="sun.java.launcher" value="SUN_STANDARD"/>
    <property name="sun.os.patch.level" value="Service Pack 1"/>
    <property name="java.vm.specification.name" value="Java Virtual Machine Specification"/>
    <property name="user.dir" value="C:\work\automationPrj\automation"/>
    <property name="java.runtime.version" value="1.8.0_40-b26"/>
    <property name="java.awt.graphicsenv" value="sun.awt.Win32GraphicsEnvironment"/>
    <property name="basedir" value="C:\work\automationPrj\automation"/>
    <property name="java.endorsed.dirs" value="C:\Program Files\Java\jdk1.8.0_40\jre\lib\endorsed"/>
    <property name="os.arch" value="amd64"/>
    <property name="surefire.real.class.path" value="C:\Users\yuri\AppData\Local\Temp\surefirebooter7280735942716592582.jar"/>
    <property name="java.io.tmpdir" value="C:\Users\yuri\AppData\Local\Temp\"/>
    <property name="line.separator" value="
"/>
    <property name="java.vm.specification.vendor" value="Oracle Corporation"/>
    <property name="user.variant" value=""/>
    <property name="os.name" value="Windows 7"/>
    <property name="sun.jnu.encoding" value="Cp1252"/>
    <property name="java.library.path" value="C:\Program Files\Java\jdk1.8.0_40\jre\bin;C:\Windows\Sun\Java\bin;C:\Windows\system32;C:\Windows;C:\tools\maven\apache-maven-3.2.1/bin;C:\Program Files\Java\jdk1.8.0_40/bin;C:\Program Files\Java\jdk1.8.0_40/bin;C:\Perl64\site\bin;C:\Perl64\bin;C:\ProgramData\Oracle\Java\javapath;C:\Program Files (x86)\Intel\iCLS Client\;C:\Program Files\Intel\iCLS Client\;C:\Windows\system32;C:\Windows;C:\Windows\System32\Wbem;C:\Windows\System32\WindowsPowerShell\v1.0\;C:\Program Files\Intel\Intel(R) Management Engine Components\DAL;C:\Program Files\Intel\Intel(R) Management Engine Components\IPT;C:\Program Files (x86)\Intel\Intel(R) Management Engine Components\DAL;C:\Program Files (x86)\Intel\Intel(R) Management Engine Components\IPT;C:\Program Files\TortoiseSVN\bin;%M2_HOME%\bin;C:\tools;C:\Program Files (x86)\IneoQuest\IQMediaAnalyzer;C:\Program Files (x86)\IneoQuest\Tools;C:\Program Files (x86)\IneoQuest\Common;C:\Program Files (x86)\IneoQuest\Tools\TSReader;C:\Program Files (x86)\QuickTime\QTSystem\;C:\Program Files (x86)\Microsoft SQL Server\100\Tools\Binn\;C:\Program Files (x86)\Microsoft SQL Server\100\DTS\Binn\;C:\Program Files\TortoiseGit\bin;C:\MinGW\bin;C:\MinGW\msys\1.0\bin;C:\Program Files (x86)\Skype\Phone\;C:\tools\maven\apache-maven-3.2.1\bin;."/>
    <property name="surefire.test.class.path" value="C:\work\automationPrj\automation\target\test-classes;C:\work\automationPrj\automation\target\classes;C:\Users\yuri\.m2\repository\br\eti\kinoshita\testlink-java-api\1.9.6-1\testlink-java-api-1.9.6-1.jar;C:\Users\yuri\.m2\repository\commons-lang\commons-lang\2.5\commons-lang-2.5.jar;C:\Users\yuri\.m2\repository\commons-io\commons-io\2.0.1\commons-io-2.0.1.jar;C:\Users\yuri\.m2\repository\org\slf4j\slf4j-api\1.6.1\slf4j-api-1.6.1.jar;C:\Users\yuri\.m2\repository\org\slf4j\slf4j-simple\1.6.1\slf4j-simple-1.6.1.jar;C:\Users\yuri\.m2\repository\commons-configuration\commons-configuration\1.7\commons-configuration-1.7.jar;C:\Users\yuri\.m2\repository\commons-collections\commons-collections\3.2.1\commons-collections-3.2.1.jar;C:\Users\yuri\.m2\repository\commons-logging\commons-logging\1.1.1\commons-logging-1.1.1.jar;C:\Users\yuri\.m2\repository\commons-digester\commons-digester\1.8.1\commons-digester-1.8.1.jar;C:\Users\yuri\.m2\repository\commons-beanutils\commons-beanutils\1.8.3\commons-beanutils-1.8.3.jar;C:\Users\yuri\.m2\repository\org\apache\xmlrpc\xmlrpc-common\3.1.3\xmlrpc-common-3.1.3.jar;C:\Users\yuri\.m2\repository\org\apache\ws\commons\util\ws-commons-util\1.0.2\ws-commons-util-1.0.2.jar;C:\Users\yuri\.m2\repository\org\apache\xmlrpc\xmlrpc-client\3.1.3\xmlrpc-client-3.1.3.jar;C:\Users\yuri\.m2\repository\xml-apis\xml-apis\1.0.b2\xml-apis-1.0.b2.jar;C:\Users\yuri\.m2\repository\commons-httpclient\commons-httpclient\3.1\commons-httpclient-3.1.jar;C:\Users\yuri\.m2\repository\commons-codec\commons-codec\1.2\commons-codec-1.2.jar;C:\Users\yuri\.m2\repository\org\apache\commons\commons-lang3\3.0\commons-lang3-3.0.jar;C:\Users\yuri\.m2\repository\org\testng\testng\6.9.4\testng-6.9.4.jar;C:\Users\yuri\.m2\repository\org\beanshell\bsh\2.0b4\bsh-2.0b4.jar;C:\Users\yuri\.m2\repository\com\beust\jcommander\1.48\jcommander-1.48.jar;C:\Users\yuri\.m2\repository\junit\junit\4.12\junit-4.12.jar;C:\Users\yuri\.m2\repository\org\hamcrest\hamcrest-core\1.3\hamcrest-core-1.3.jar;C:\Users\yuri\.m2\repository\org\json\json\20141113\json-20141113.jar;C:\Users\yuri\.m2\repository\org\uncommons\reportng\1.1.2\reportng-1.1.2.jar;C:\Users\yuri\.m2\repository\velocity\velocity\1.4\velocity-1.4.jar;C:\Users\yuri\.m2\repository\velocity\velocity-dep\1.4\velocity-dep-1.4.jar;C:\Users\yuri\.m2\repository\com\google\inject\guice\3.0\guice-3.0.jar;C:\Users\yuri\.m2\repository\javax\inject\javax.inject\1\javax.inject-1.jar;C:\Users\yuri\.m2\repository\aopalliance\aopalliance\1.0\aopalliance-1.0.jar;"/>
    <property name="java.specification.name" value="Java Platform API Specification"/>
    <property name="java.class.version" value="52.0"/>
    <property name="sun.management.compiler" value="HotSpot 64-Bit Tiered Compilers"/>
    <property name="os.version" value="6.1"/>
    <property name="user.home" value="C:\Users\yuri"/>
    <property name="user.timezone" value="Asia/Jerusalem"/>
    <property name="sun.net.http.allowRestrictedHeaders" value="true"/>
    <property name="java.awt.printerjob" value="sun.awt.windows.WPrinterJob"/>
    <property name="java.specification.version" value="1.8"/>
    <property name="file.encoding" value="Cp1252"/>
    <property name="user.name" value="yuri"/>
    <property name="java.class.path" value="C:\work\automationPrj\automation\target\test-classes;C:\work\automationPrj\automation\target\classes;C:\Users\yuri\.m2\repository\br\eti\kinoshita\testlink-java-api\1.9.6-1\testlink-java-api-1.9.6-1.jar;C:\Users\yuri\.m2\repository\commons-lang\commons-lang\2.5\commons-lang-2.5.jar;C:\Users\yuri\.m2\repository\commons-io\commons-io\2.0.1\commons-io-2.0.1.jar;C:\Users\yuri\.m2\repository\org\slf4j\slf4j-api\1.6.1\slf4j-api-1.6.1.jar;C:\Users\yuri\.m2\repository\org\slf4j\slf4j-simple\1.6.1\slf4j-simple-1.6.1.jar;C:\Users\yuri\.m2\repository\commons-configuration\commons-configuration\1.7\commons-configuration-1.7.jar;C:\Users\yuri\.m2\repository\commons-collections\commons-collections\3.2.1\commons-collections-3.2.1.jar;C:\Users\yuri\.m2\repository\commons-logging\commons-logging\1.1.1\commons-logging-1.1.1.jar;C:\Users\yuri\.m2\repository\commons-digester\commons-digester\1.8.1\commons-digester-1.8.1.jar;C:\Users\yuri\.m2\repository\commons-beanutils\commons-beanutils\1.8.3\commons-beanutils-1.8.3.jar;C:\Users\yuri\.m2\repository\org\apache\xmlrpc\xmlrpc-common\3.1.3\xmlrpc-common-3.1.3.jar;C:\Users\yuri\.m2\repository\org\apache\ws\commons\util\ws-commons-util\1.0.2\ws-commons-util-1.0.2.jar;C:\Users\yuri\.m2\repository\org\apache\xmlrpc\xmlrpc-client\3.1.3\xmlrpc-client-3.1.3.jar;C:\Users\yuri\.m2\repository\xml-apis\xml-apis\1.0.b2\xml-apis-1.0.b2.jar;C:\Users\yuri\.m2\repository\commons-httpclient\commons-httpclient\3.1\commons-httpclient-3.1.jar;C:\Users\yuri\.m2\repository\commons-codec\commons-codec\1.2\commons-codec-1.2.jar;C:\Users\yuri\.m2\repository\org\apache\commons\commons-lang3\3.0\commons-lang3-3.0.jar;C:\Users\yuri\.m2\repository\org\testng\testng\6.9.4\testng-6.9.4.jar;C:\Users\yuri\.m2\repository\org\beanshell\bsh\2.0b4\bsh-2.0b4.jar;C:\Users\yuri\.m2\repository\com\beust\jcommander\1.48\jcommander-1.48.jar;C:\Users\yuri\.m2\repository\junit\junit\4.12\junit-4.12.jar;C:\Users\yuri\.m2\repository\org\hamcrest\hamcrest-core\1.3\hamcrest-core-1.3.jar;C:\Users\yuri\.m2\repository\org\json\json\20141113\json-20141113.jar;C:\Users\yuri\.m2\repository\org\uncommons\reportng\1.1.2\reportng-1.1.2.jar;C:\Users\yuri\.m2\repository\velocity\velocity\1.4\velocity-1.4.jar;C:\Users\yuri\.m2\repository\velocity\velocity-dep\1.4\velocity-dep-1.4.jar;C:\Users\yuri\.m2\repository\com\google\inject\guice\3.0\guice-3.0.jar;C:\Users\yuri\.m2\repository\javax\inject\javax.inject\1\javax.inject-1.jar;C:\Users\yuri\.m2\repository\aopalliance\aopalliance\1.0\aopalliance-1.0.jar;"/>
    <property name="java.vm.specification.version" value="1.8"/>
    <property name="sun.arch.data.model" value="64"/>
    <property name="java.home" value="C:\Program Files\Java\jdk1.8.0_40\jre"/>
    <property name="sun.java.command" value="C:\Users\yuri\AppData\Local\Temp\surefirebooter7280735942716592582.jar C:\Users\yuri\AppData\Local\Temp\surefire5458283885470380034tmp C:\Users\yuri\AppData\Local\Temp\surefire8186842115644840251tmp"/>
    <property name="java.specification.vendor" value="Oracle Corporation"/>
    <property name="user.language" value="en"/>
    <property name="awt.toolkit" value="sun.awt.windows.WToolkit"/>
    <property name="java.vm.info" value="mixed mode"/>
    <property name="java.version" value="1.8.0_40"/>
    <property name="java.ext.dirs" value="C:\Program Files\Java\jdk1.8.0_40\jre\lib\ext;C:\Windows\Sun\Java\lib\ext"/>
    <property name="sun.boot.class.path" value="C:\Program Files\Java\jdk1.8.0_40\jre\lib\resources.jar;C:\Program Files\Java\jdk1.8.0_40\jre\lib\rt.jar;C:\Program Files\Java\jdk1.8.0_40\jre\lib\sunrsasign.jar;C:\Program Files\Java\jdk1.8.0_40\jre\lib\jsse.jar;C:\Program Files\Java\jdk1.8.0_40\jre\lib\jce.jar;C:\Program Files\Java\jdk1.8.0_40\jre\lib\charsets.jar;C:\Program Files\Java\jdk1.8.0_40\jre\lib\jfr.jar;C:\Program Files\Java\jdk1.8.0_40\jre\classes"/>
    <property name="java.vendor" value="Oracle Corporation"/>
    <property name="localRepository" value="C:\Users\yuri\.m2\repository"/>
    <property name="file.separator" value="\"/>
    <property name="java.vendor.url.bug" value="http://bugreport.sun.com/bugreport/"/>
    <property name="sun.cpu.endian" value="little"/>
    <property name="sun.io.unicode.encoding" value="UnicodeLittle"/>
    <property name="sun.desktop" value="windows"/>
    <property name="sun.cpu.isalist" value="amd64"/>
  </properties>
  <testcase classname="com.zixi.testing.BroadcasterSinglePullInStreamCreationTest" name="broadcasterPullInCreation" time="0.026"/>
  <testcase classname="com.zixi.testing.BroadcasterInputStatisticSingleStreamTest" name="broadcasterSingleInputStreamstatisticAnilyzer" time="35.036"/>
  <testcase classname="com.zixi.testing.BroadcasterSingleInputStreamDeletionTest" name="broadcasterInputStreamDeletion" time="0.006"/>
  <testcase classname="com.zixi.testing.BroadcasterSinglePullInStreamCreationTest" name="broadcasterPullInCreation" time="0.007"/>
  <testcase classname="com.zixi.testing.BroadcasterInputStatisticSingleStreamTest" name="broadcasterSingleInputStreamstatisticAnilyzer" time="35.024"/>
  <testcase classname="com.zixi.testing.BroadcasterSingleInputStreamDeletionTest" name="broadcasterInputStreamDeletion" time="0.006"/>
  <testcase classname="com.zixi.testing.BroadcasterSinglePullInStreamCreationTest" name="broadcasterPullInCreation" time="0.006"/>
  <testcase classname="com.zixi.testing.BroadcasterInputStatisticSingleStreamTest" name="broadcasterSingleInputStreamstatisticAnilyzer" time="35.022"/>
  <testcase classname="com.zixi.testing.BroadcasterSingleInputStreamDeletionTest" name="broadcasterInputStreamDeletion" time="0.009"/>
  <testcase classname="com.zixi.testing.BroadcasterSinglePullInStreamCreationTest" name="broadcasterPullInCreation" time="0.004"/>
  <testcase classname="com.zixi.testing.BroadcasterInputStatisticSingleStreamTest" name="broadcasterSingleInputStreamstatisticAnilyzer" time="35.029"/>
  <testcase classname="com.zixi.testing.BroadcasterSingleInputStreamDeletionTest" name="broadcasterInputStreamDeletion" time="0.009"/>
  <testcase classname="com.zixi.testing.BroadcasterUdpInStreamCreationTest" name="broadcasterUdpInCreation" time="0.009"/>
  <testcase classname="com.zixi.testing.BroadcasterUDPOutputStreamCreationTest" name="broadcasterPullInCreation" time="0.088"/>
  <testcase classname="com.zixi.testing.BroadcasterInputStatisticSingleStreamTest" name="broadcasterSingleInputStreamstatisticAnilyzer" time="30.013"/>
  <testcase classname="com.zixi.testing.BroadcasterSingleInputStreamDeletionTest" name="broadcasterInputStreamDeletion" time="0.006"/>
  <testcase classname="com.zixi.testing.BroadcaserSingleOutputStreamDeletionTest" name="broadcasterSingleStreamRemoving" time="0.006"/>
  <testcase classname="com.zixi.testing.BroadcasterUdpInStreamCreationTest" name="broadcasterUdpInCreation" time="0.004"/>
  <testcase classname="com.zixi.testing.BroadcasterUDPOutputStreamCreationTest" name="broadcasterPullInCreation" time="0.003"/>
  <testcase classname="com.zixi.testing.BroadcasterInputStatisticSingleStreamTest" name="broadcasterSingleInputStreamstatisticAnilyzer" time="45.047"/>
  <testcase classname="com.zixi.testing.BroadcasterSingleInputStreamDeletionTest" name="broadcasterInputStreamDeletion" time="0.004"/>
  <testcase classname="com.zixi.testing.BroadcaserSingleOutputStreamDeletionTest" name="broadcasterSingleStreamRemoving" time="0.006"/>
  <testcase classname="com.zixi.testing.BroadcasterUdpInStreamCreationTest" name="broadcasterUdpInCreation" time="0.005"/>
  <testcase classname="com.zixi.testing.BroadcasterUDPOutputStreamCreationTest" name="broadcasterPullInCreation" time="0.037"/>
  <testcase classname="com.zixi.testing.BroadcasterInputStatisticSingleStreamTest" name="broadcasterSingleInputStreamstatisticAnilyzer" time="45.048"/>
  <testcase classname="com.zixi.testing.BroadcasterSingleInputStreamDeletionTest" name="broadcasterInputStreamDeletion" time="0.007"/>
  <testcase classname="com.zixi.testing.BroadcaserSingleOutputStreamDeletionTest" name="broadcasterSingleStreamRemoving" time="0.007"/>
  <testcase classname="com.zixi.testing.BroadcasterUdpInStreamCreationTest" name="broadcasterUdpInCreation" time="0.004"/>
  <testcase classname="com.zixi.testing.BroadcasterUDPOutputStreamCreationTest" name="broadcasterPullInCreation" time="0.004"/>
  <testcase classname="com.zixi.testing.BroadcasterInputStatisticSingleStreamTest" name="broadcasterSingleInputStreamstatisticAnilyzer" time="45.041"/>
  <testcase classname="com.zixi.testing.BroadcasterUDPOutputStreamCreationTest" name="broadcasterPullInCreation" time="0.003"/>
  <testcase classname="com.zixi.testing.FFMPEGImageStatisticTest" name="broadcasterSingleInputStreamStatisticAnilyzer" time="120.676"/>
  <testcase classname="com.zixi.testing.BroadcaserSingleOutputStreamDeletionTest" name="broadcasterSingleStreamRemoving" time="0.006"/>
  <testcase classname="com.zixi.testing.BroadcasterSingleInputStreamDeletionTest" name="broadcasterInputStreamDeletion" time="0.008"/>
  <testcase classname="com.zixi.testing.BroadcaserSingleOutputStreamDeletionTest" name="broadcasterSingleStreamRemoving" time="0.004"/>
  <testcase classname="com.zixi.testing.BroadcasterUdpInStreamCreationTest" name="broadcasterUdpInCreation" time="0.073"/>
  <testcase classname="com.zixi.testing.BroadcasterUDPOutputStreamCreationTest" name="broadcasterPullInCreation" time="0.005"/>
  <testcase classname="com.zixi.testing.BroadcasterInputStatisticSingleStreamTest" name="broadcasterSingleInputStreamstatisticAnilyzer" time="45.065"/>
  <testcase classname="com.zixi.testing.BroadcasterSingleInputStreamDeletionTest" name="broadcasterInputStreamDeletion" time="0.017"/>
  <testcase classname="com.zixi.testing.BroadcaserSingleOutputStreamDeletionTest" name="broadcasterSingleStreamRemoving" time="0.005"/>
  <testcase classname="com.zixi.testing.BroadcasterPushInStreamCreationTest" name="broadcasterSingleStreamRemoving" time="0.003"/>
  <testcase classname="com.zixi.testing.BroadcasterPushOutStreamCreationTest" name="broadcasterPullInCreation" time="0.05"/>
  <testcase classname="com.zixi.testing.BroadcasterInputStatisticSingleStreamTest" name="broadcasterSingleInputStreamstatisticAnilyzer" time="30.015"/>
  <testcase classname="com.zixi.testing.BroadcasterSingleInputStreamDeletionTest" name="broadcasterInputStreamDeletion" time="0.004"/>
  <testcase classname="com.zixi.testing.BroadcaserSingleOutputStreamDeletionTest" name="broadcasterSingleStreamRemoving" time="0.013"/>
  <testcase classname="com.zixi.testing.BroadcasterPushInStreamCreationTest" name="broadcasterSingleStreamRemoving" time="0.003"/>
  <testcase classname="com.zixi.testing.BroadcasterPushOutStreamCreationTest" name="broadcasterPullInCreation" time="0.005"/>
  <testcase classname="com.zixi.testing.BroadcasterInputStatisticSingleStreamTest" name="broadcasterSingleInputStreamstatisticAnilyzer" time="75.097"/>
  <testcase classname="com.zixi.testing.BroadcasterSingleInputStreamDeletionTest" name="broadcasterInputStreamDeletion" time="0.006"/>
  <testcase classname="com.zixi.testing.BroadcaserSingleOutputStreamDeletionTest" name="broadcasterSingleStreamRemoving" time="0.005"/>
  <testcase classname="com.zixi.testing.BroadcasterPushInStreamCreationTest" name="broadcasterSingleStreamRemoving" time="0.004"/>
  <testcase classname="com.zixi.testing.BroadcasterPushOutStreamCreationTest" name="broadcasterPullInCreation" time="0.004"/>
  <testcase classname="com.zixi.testing.BroadcasterInputStatisticSingleStreamTest" name="broadcasterSingleInputStreamstatisticAnilyzer" time="30.012"/>
  <testcase classname="com.zixi.testing.BroadcasterSingleInputStreamDeletionTest" name="broadcasterInputStreamDeletion" time="0.005"/>
  <testcase classname="com.zixi.testing.BroadcaserSingleOutputStreamDeletionTest" name="broadcasterSingleStreamRemoving" time="0.005"/>
  <testcase classname="com.zixi.testing.BroadcasterPushInStreamCreationTest" name="broadcasterSingleStreamRemoving" time="0.003"/>
  <testcase classname="com.zixi.testing.BroadcasterPushOutStreamCreationTest" name="broadcasterPullInCreation" time="0.004"/>
  <testcase classname="com.zixi.testing.BroadcasterInputStatisticSingleStreamTest" name="broadcasterSingleInputStreamstatisticAnilyzer" time="30.012"/>
  <testcase classname="com.zixi.testing.BroadcasterSingleInputStreamDeletionTest" name="broadcasterInputStreamDeletion" time="0.006"/>
  <testcase classname="com.zixi.testing.BroadcaserSingleOutputStreamDeletionTest" name="broadcasterSingleStreamRemoving" time="0.004"/>
  <testcase classname="com.zixi.testing.BroadcasterPushInStreamCreationTest" name="broadcasterSingleStreamRemoving" time="0.004"/>
  <testcase classname="com.zixi.testing.BroadcasterPushOutStreamCreationTest" name="broadcasterPullInCreation" time="0.004"/>
  <testcase classname="com.zixi.testing.BroadcasterInputStatisticSingleStreamTest" name="broadcasterSingleInputStreamstatisticAnilyzer" time="35.021"/>
  <testcase classname="com.zixi.testing.BroadcasterSingleInputStreamDeletionTest" name="broadcasterInputStreamDeletion" time="0.005"/>
  <testcase classname="com.zixi.testing.BroadcaserSingleOutputStreamDeletionTest" name="broadcasterSingleStreamRemoving" time="0.005"/>
  <testcase classname="com.zixi.testing.BroadcasterPushInStreamCreationTest" name="broadcasterSingleStreamRemoving" time="0.004"/>
  <testcase classname="com.zixi.testing.BroadcasterPushOutStreamCreationTest" name="broadcasterPullInCreation" time="0.004"/>
  <testcase classname="com.zixi.testing.BroadcasterInputStatisticSingleStreamTest" name="broadcasterSingleInputStreamstatisticAnilyzer" time="35.024"/>
  <testcase classname="com.zixi.testing.BroadcasterSingleInputStreamDeletionTest" name="broadcasterInputStreamDeletion" time="0.005"/>
  <testcase classname="com.zixi.testing.BroadcaserSingleOutputStreamDeletionTest" name="broadcasterSingleStreamRemoving" time="0.005"/>
  <testcase classname="com.zixi.testing.BroadcasterRtmpInputTest" name="broadcasterRtmpPullTest" time="0.005"/>
  <testcase classname="com.zixi.testing.BroadcasterInputStatisticSingleStreamTest" name="broadcasterSingleInputStreamstatisticAnilyzer" time="30.009"/>
  <testcase classname="com.zixi.testing.BroadcasterSingleInputStreamDeletionTest" name="broadcasterInputStreamDeletion" time="0.005"/>
  <testcase classname="com.zixi.testing.FeederOutputPushToBxTest" name="feederOutputToBxTest" time="0.008"/>
  <testcase classname="com.zixi.testing.BroadcasterPushInStreamCreationTest" name="broadcasterSingleStreamRemoving" time="0.004"/>
  <testcase classname="com.zixi.testing.BroadcasterInputStatisticSingleStreamTest" name="broadcasterSingleInputStreamstatisticAnilyzer" time="35.019"/>
  <testcase classname="com.zixi.testing.FeederOutputDeletioinTest" name="broadcasterSingleStreamRemoving" time="0.007"/>
  <testcase classname="com.zixi.testing.BroadcasterSingleInputStreamDeletionTest" name="broadcasterInputStreamDeletion" time="0.004"/>
  <testcase classname="com.zixi.testing.FeederOutputPushToBxTest" name="feederOutputToBxTest" time="0.011"/>
  <testcase classname="com.zixi.testing.BroadcasterPushInStreamCreationTest" name="broadcasterSingleStreamRemoving" time="0.003"/>
  <testcase classname="com.zixi.testing.BroadcasterInputStatisticSingleStreamTest" name="broadcasterSingleInputStreamstatisticAnilyzer" time="125.199"/>
  <testcase classname="com.zixi.testing.FeederOutputDeletioinTest" name="broadcasterSingleStreamRemoving" time="0.007"/>
  <testcase classname="com.zixi.testing.BroadcasterSingleInputStreamDeletionTest" name="broadcasterInputStreamDeletion" time="0.012"/>
  <testcase classname="com.zixi.testing.FeederOutputPushToBxTest" name="feederOutputToBxTest" time="0.006"/>
  <testcase classname="com.zixi.testing.BroadcasterPushInStreamCreationTest" name="broadcasterSingleStreamRemoving" time="0.004"/>
  <testcase classname="com.zixi.testing.BroadcasterInputStatisticSingleStreamTest" name="broadcasterSingleInputStreamstatisticAnilyzer" time="125.18"/>
  <testcase classname="com.zixi.testing.FeederOutputDeletioinTest" name="broadcasterSingleStreamRemoving" time="0.006"/>
  <testcase classname="com.zixi.testing.BroadcasterSingleInputStreamDeletionTest" name="broadcasterInputStreamDeletion" time="0.005"/>
  <testcase classname="com.zixi.testing.FeederOutputPushToBxTest" name="feederOutputToBxTest" time="0.008"/>
  <testcase classname="com.zixi.testing.BroadcasterPushInStreamCreationTest" name="broadcasterSingleStreamRemoving" time="0.005"/>
  <testcase classname="com.zixi.testing.BroadcasterInputStatisticSingleStreamTest" name="broadcasterSingleInputStreamstatisticAnilyzer" time="125.188"/>
  <testcase classname="com.zixi.testing.FeederOutputDeletioinTest" name="broadcasterSingleStreamRemoving" time="0.012"/>
  <testcase classname="com.zixi.testing.BroadcasterSingleInputStreamDeletionTest" name="broadcasterInputStreamDeletion" time="0.007"/>
  <testcase classname="com.zixi.testing.FeederOutputPushToBxTest" name="feederOutputToBxTest" time="0.008"/>
  <testcase classname="com.zixi.testing.BroadcasterPushInStreamCreationTest" name="broadcasterSingleStreamRemoving" time="0.003"/>
  <testcase classname="com.zixi.testing.BroadcasterInputStatisticSingleStreamTest" name="broadcasterSingleInputStreamstatisticAnilyzer" time="125.188"/>
  <testcase classname="com.zixi.testing.FeederOutputDeletioinTest" name="broadcasterSingleStreamRemoving" time="0.01"/>
  <testcase classname="com.zixi.testing.BroadcasterSingleInputStreamDeletionTest" name="broadcasterInputStreamDeletion" time="0.004"/>
  <testcase classname="com.zixi.testing.FeederOutputPushToBxTest" name="feederOutputToBxTest" time="0.008"/>
  <testcase classname="com.zixi.testing.BroadcasterPushInStreamCreationTest" name="broadcasterSingleStreamRemoving" time="0.003"/>
  <testcase classname="com.zixi.testing.BroadcasterInputStatisticSingleStreamTest" name="broadcasterSingleInputStreamstatisticAnilyzer" time="125.175"/>
  <testcase classname="com.zixi.testing.FeederOutputDeletioinTest" name="broadcasterSingleStreamRemoving" time="0.009"/>
  <testcase classname="com.zixi.testing.BroadcasterSingleInputStreamDeletionTest" name="broadcasterInputStreamDeletion" time="0.006"/>
  <testcase classname="com.zixi.testing.FeederOutputPushToBxTest" name="feederOutputToBxTest" time="0.008"/>
  <testcase classname="com.zixi.testing.BroadcasterPushInStreamCreationTest" name="broadcasterSingleStreamRemoving" time="0.004"/>
  <testcase classname="com.zixi.testing.BroadcasterInputStatisticSingleStreamTest" name="broadcasterSingleInputStreamstatisticAnilyzer" time="125.183"/>
  <testcase classname="com.zixi.testing.FeederOutputDeletioinTest" name="broadcasterSingleStreamRemoving" time="0.007"/>
  <testcase classname="com.zixi.testing.BroadcasterSingleInputStreamDeletionTest" name="broadcasterInputStreamDeletion" time="0.003"/>
  <testcase classname="com.zixi.testing.FeederOutputPushToBxTest" name="feederOutputToBxTest" time="0.007"/>
  <testcase classname="com.zixi.testing.BroadcasterPushInStreamCreationTest" name="broadcasterSingleStreamRemoving" time="0.003"/>
  <testcase classname="com.zixi.testing.BroadcasterInputStatisticSingleStreamTest" name="broadcasterSingleInputStreamstatisticAnilyzer" time="125.176"/>
  <testcase classname="com.zixi.testing.FeederOutputDeletioinTest" name="broadcasterSingleStreamRemoving" time="0.009"/>
  <testcase classname="com.zixi.testing.BroadcasterSingleInputStreamDeletionTest" name="broadcasterInputStreamDeletion" time="0.003"/>
  <testcase classname="com.zixi.testing.BroadcasterPushInStreamCreationTest" name="broadcasterSingleStreamRemoving" time="0.003"/>
  <testcase classname="com.zixi.testing.BroadcasterPushInStreamCreationTest" name="broadcasterSingleStreamRemoving" time="0.07"/>
  <testcase classname="com.zixi.testing.FeederOutputPushToBxTest" name="feederOutputToBxTest" time="0.007"/>
  <testcase classname="com.zixi.testing.BroadcasterInputStatisticSingleStreamTest" name="broadcasterSingleInputStreamstatisticAnilyzer" time="40.03"/>
  <testcase classname="com.zixi.testing.BroadcasterSingleInputStreamDeletionTest" name="broadcasterInputStreamDeletion" time="0.005"/>
  <testcase classname="com.zixi.testing.BroadcasterInputStatisticSingleStreamTest" name="broadcasterSingleInputStreamstatisticAnilyzer" time="40.033"/>
  <testcase classname="com.zixi.testing.FeederOutputDeletioinTest" name="broadcasterSingleStreamRemoving" time="0.007"/>
  <testcase classname="com.zixi.testing.BroadcasterSingleInputStreamDeletionTest" name="broadcasterInputStreamDeletion" time="0.006"/>
  <testcase classname="com.zixi.testing.FeederOutputPushToBxTest" name="feederOutputToBxTest" time="0.007"/>
  <testcase classname="com.zixi.testing.BroadcasterPushInStreamCreationTest" name="broadcasterSingleStreamRemoving" time="0.009"/>
  <testcase classname="com.zixi.testing.BroadcasterInputStatisticSingleStreamTest" name="broadcasterSingleInputStreamstatisticAnilyzer" time="35.025"/>
  <testcase classname="com.zixi.testing.FeederOutputDeletioinTest" name="broadcasterSingleStreamRemoving" time="0.005"/>
  <testcase classname="com.zixi.testing.BroadcasterSingleInputStreamDeletionTest" name="broadcasterInputStreamDeletion" time="0.003"/>
  <testcase classname="com.zixi.testing.FeederOutputPushToBxTest" name="feederOutputToBxTest" time="0.006"/>
  <testcase classname="com.zixi.testing.BroadcasterPushInStreamCreationTest" name="broadcasterSingleStreamRemoving" time="0.002"/>
  <testcase classname="com.zixi.testing.BroadcasterInputStatisticSingleStreamTest" name="broadcasterSingleInputStreamstatisticAnilyzer" time="35.017"/>
  <testcase classname="com.zixi.testing.FeederOutputDeletioinTest" name="broadcasterSingleStreamRemoving" time="0.007"/>
  <testcase classname="com.zixi.testing.BroadcasterSingleInputStreamDeletionTest" name="broadcasterInputStreamDeletion" time="0.003"/>
  <testcase classname="com.zixi.testing.FeederOutputPushToBxTest" name="feederOutputToBxTest" time="0.008"/>
  <testcase classname="com.zixi.testing.BroadcasterPushInStreamCreationTest" name="broadcasterSingleStreamRemoving" time="0.003"/>
  <testcase classname="com.zixi.testing.BroadcasterInputStatisticSingleStreamTest" name="broadcasterSingleInputStreamstatisticAnilyzer" time="35.02"/>
  <testcase classname="com.zixi.testing.FeederOutputDeletioinTest" name="broadcasterSingleStreamRemoving" time="0.006"/>
  <testcase classname="com.zixi.testing.BroadcasterSingleInputStreamDeletionTest" name="broadcasterInputStreamDeletion" time="0.004"/>
  <testcase classname="com.zixi.testing.FeederOutputPushToBxTest" name="feederOutputToBxTest" time="0.009"/>
  <testcase classname="com.zixi.testing.BroadcasterPushInStreamCreationTest" name="broadcasterSingleStreamRemoving" time="0.003"/>
  <testcase classname="com.zixi.testing.BroadcasterInputStatisticSingleStreamTest" name="broadcasterSingleInputStreamstatisticAnilyzer" time="35.02"/>
  <testcase classname="com.zixi.testing.FeederOutputDeletioinTest" name="broadcasterSingleStreamRemoving" time="0.006"/>
  <testcase classname="com.zixi.testing.BroadcasterSingleInputStreamDeletionTest" name="broadcasterInputStreamDeletion" time="0.003"/>
  <testcase classname="com.zixi.testing.FeederOutputPushToBxTest" name="feederOutputToBxTest" time="0.007"/>
  <testcase classname="com.zixi.testing.BroadcasterPushInStreamCreationTest" name="broadcasterSingleStreamRemoving" time="0.003"/>
  <testcase classname="com.zixi.testing.BroadcasterInputStatisticSingleStreamTest" name="broadcasterSingleInputStreamstatisticAnilyzer" time="35.024"/>
  <testcase classname="com.zixi.testing.FeederOutputDeletioinTest" name="broadcasterSingleStreamRemoving" time="0.007"/>
  <testcase classname="com.zixi.testing.BroadcasterSingleInputStreamDeletionTest" name="broadcasterInputStreamDeletion" time="0.009"/>
  <testcase classname="com.zixi.testing.FeederOutputPushToBxTest" name="feederOutputToBxTest" time="0.007"/>
  <testcase classname="com.zixi.testing.BroadcasterPushInStreamCreationTest" name="broadcasterSingleStreamRemoving" time="0.004"/>
  <testcase classname="com.zixi.testing.ReceiverPullInputStreamCreationTest" name="feederOutputToBxTest" time="0.01"/>
  <testcase classname="com.zixi.testing.BroadcasterInputStatisticSingleStreamTest" name="broadcasterSingleInputStreamstatisticAnilyzer" time="125.213"/>
  <testcase classname="com.zixi.testing.ReceiverInputStatisticTest" name="receiverInputStatistic" time="120.11"/>
  <testcase classname="com.zixi.testing.FeederOutputDeletioinTest" name="broadcasterSingleStreamRemoving" time="0.009"/>
  <testcase classname="com.zixi.testing.BroadcasterSingleInputStreamDeletionTest" name="broadcasterInputStreamDeletion" time="0.003"/>
  <testcase classname="com.zixi.testing.ReceiverPullInputStreamDeletionTest" name="feederOutputToBxTest" time="0.006"/>
  <testcase classname="com.zixi.testing.BroadcasterRtmpPushOutputCreationTest" name="broadcasterSingleStreamRemoving" time="0.083"/>
  <testcase classname="com.zixi.testing.BroadcasterRtmpPushInputCreationStreamTest" name="broadcasterRtmpPushTest" time="0.003"/>
  <testcase classname="com.zixi.testing.BroadcasterInputStatisticSingleStreamTest" name="broadcasterSingleInputStreamstatisticAnilyzer" time="30.004"/>
  <testcase classname="com.zixi.testing.BroadcasterSingleInputStreamDeletionTest" name="broadcasterInputStreamDeletion" time="0.007"/>
  <testcase classname="com.zixi.testing.BroadcaserSingleOutputStreamDeletionTest" name="broadcasterSingleStreamRemoving" time="0.005"/>
  <testcase classname="com.zixi.testing.BroadcasterUdpInStreamCreationTest" name="broadcasterUdpInCreation" time="0.005"/>
  <testcase classname="com.zixi.testing.BroadcasterUDPOutputStreamCreationTest" name="broadcasterPullInCreation" time="0.055"/>
  <testcase classname="com.zixi.testing.BroadcasterInputStatisticSingleStreamTest" name="broadcasterSingleInputStreamstatisticAnilyzer" time="60.052"/>
  <testcase classname="com.zixi.testing.BroadcasterRtmpPushOutputCreationTest" name="broadcasterSingleStreamRemoving" time="0.007"/>
  <testcase classname="com.zixi.testing.BroadcasterRtmpPushInputCreationStreamTest" name="broadcasterRtmpPushTest" time="0.042"/>
  <testcase classname="com.zixi.testing.BroadcasterInputStatisticSingleStreamTest" name="broadcasterSingleInputStreamstatisticAnilyzer" time="65.078"/>
  <testcase classname="com.zixi.testing.BroadcasterSingleInputStreamDeletionTest" name="broadcasterInputStreamDeletion" time="0.004"/>
  <testcase classname="com.zixi.testing.BroadcaserSingleOutputStreamDeletionTest" name="broadcasterSingleStreamRemoving" time="0.005"/>
  <testcase classname="com.zixi.testing.BroadcasterSingleInputStreamDeletionTest" name="broadcasterInputStreamDeletion" time="0.004"/>
  <testcase classname="com.zixi.testing.BroadcaserSingleOutputStreamDeletionTest" name="broadcasterSingleStreamRemoving" time="0.003"/>
  <testcase classname="com.zixi.testing.BroadcasterSinglePullInStreamCreationTest" name="broadcasterPullInCreation" time="0.033"/>
  <testcase classname="com.zixi.testing.BroadcasterUDPOutputStreamCreationTest" name="broadcasterPullInCreation" time="0.003"/>
  <testcase classname="com.zixi.testing.BroadcasterInputStatisticSingleStreamTest" name="broadcasterSingleInputStreamstatisticAnilyzer" time="55.038"/>
  <testcase classname="com.zixi.testing.FFMPEGImageStatisticTest" name="broadcasterSingleInputStreamStatisticAnilyzer" time="118.296"/>
  <testcase classname="com.zixi.testing.BroadcaserSingleOutputStreamDeletionTest" name="broadcasterSingleStreamRemoving" time="0.01"/>
  <testcase classname="com.zixi.testing.BroadcasterSingleInputStreamDeletionTest" name="broadcasterInputStreamDeletion" time="0.006"/>
  <testcase classname="com.zixi.testing.BroadcasterPushInStreamCreationTest" name="broadcasterSingleStreamRemoving" time="0.173"/>
  <testcase classname="com.zixi.testing.BroadcasterPushOutStreamCreationTest" name="broadcasterPullInCreation" time="0.047"/>
  <testcase classname="com.zixi.testing.BroadcasterInputStatisticSingleStreamTest" name="broadcasterSingleInputStreamstatisticAnilyzer" time="30.009"/>
  <testcase classname="com.zixi.testing.BroadcasterUDPOutputStreamCreationTest" name="broadcasterPullInCreation" time="0.004"/>
  <testcase classname="com.zixi.testing.FFMPEGImageStatisticTest" name="broadcasterSingleInputStreamStatisticAnilyzer" time="86.216">
    <failure message="expected [good] but found [bad]" type="java.lang.AssertionError">java.lang.AssertionError: expected [good] but found [bad]
	at org.testng.Assert.fail(Assert.java:94)
	at org.testng.Assert.failNotEquals(Assert.java:496)
	at org.testng.Assert.assertEquals(Assert.java:125)
	at org.testng.Assert.assertEquals(Assert.java:178)
	at org.testng.Assert.assertEquals(Assert.java:188)
	at com.zixi.testing.FFMPEGImageStatisticTest.broadcasterSingleInputStreamStatisticAnilyzer(FFMPEGImageStatisticTest.java:25)
</failure>
    <system-out>Expected is connected connected
Expected is output output
Expected is number 1
Expected is accepted accepted
Expected is output output
Expected is number 1
Expected is accepted accepted
Expected is output output
Expected is number 1
Expected is accepted accepted
Expected is output output
Expected is number 1
Expected is accepted accepted
Expected is output output
Expected is number 1
Expected is accepted accepted
Expected is output output
Expected is number 0
Expected is accepted accepted
Expected is output output
Expected is number 0
Expected is accepted accepted
Expected is output output
Expected is number 0
Expected is accepted accepted
Expected is output output
Expected is number 0
Expected is accepted accepted
Expected is output output
Expected is number 0
Expected is accepted accepted
Expected is output output
Expected is number 0
Expected is accepted accepted
Expected is output output
Expected is number 0
Expected is accepted accepted
Expected is output output
Expected is number 0
Expected is accepted accepted
Expected is output output
Expected is number 0
Expected is accepted accepted
Expected is output output
Expected is number 0
Expected is accepted accepted
Expected is output output
Expected is number 0
Expected is accepted accepted
Expected is output output
Expected is number 0
Expected is accepted accepted
Expected is output output
Expected is number 0
Expected is accepted accepted
Expected is output output
Expected is number 1
Expected is accepted accepted
Expected is output output
Expected is number 1
Expected is accepted accepted
</system-out>
  </testcase>
  <testcase classname="com.zixi.testing.BroadcaserSingleOutputStreamDeletionTest" name="broadcasterSingleStreamRemoving" time="0.009"/>
  <testcase classname="com.zixi.testing.BroadcasterSingleInputStreamDeletionTest" name="broadcasterInputStreamDeletion" time="0.012"/>
  <testcase classname="com.zixi.testing.BroadcaserSingleOutputStreamDeletionTest" name="broadcasterSingleStreamRemoving" time="0.006"/>
  <testcase classname="com.zixi.testing.FeederOutputPushToBxTest" name="feederOutputToBxTest" time="0.008"/>
  <testcase classname="com.zixi.testing.BroadcasterPushInStreamCreationTest" name="broadcasterSingleStreamRemoving" time="0.015"/>
  <testcase classname="com.zixi.testing.ReceiverPullInputStreamCreationTest" name="feederOutputToBxTest" time="0.012"/>
  <testcase classname="com.zixi.testing.BroadcasterInputStatisticSingleStreamTest" name="broadcasterSingleInputStreamstatisticAnilyzer" time="75.078"/>
  <testcase classname="com.zixi.testing.ReceiverInputStatisticTest" name="receiverInputStatistic" time="120.105"/>
  <testcase classname="com.zixi.testing.ReceiverUdpOutCreationTest" name="receiverOutputUdpTest" time="0.006">
    <failure message="expected [Stream &apos;10.7.0.150:5555&apos; added.] but found [{&quot;error&quot;:&quot;Failed adding new stream; Target conflict&quot;}]" type="java.lang.AssertionError">java.lang.AssertionError: expected [Stream &apos;10.7.0.150:5555&apos; added.] but found [{&quot;error&quot;:&quot;Failed adding new stream; Target conflict&quot;}]
	at org.testng.Assert.fail(Assert.java:94)
	at org.testng.Assert.failNotEquals(Assert.java:496)
	at org.testng.Assert.assertEquals(Assert.java:125)
	at org.testng.Assert.assertEquals(Assert.java:178)
	at org.testng.Assert.assertEquals(Assert.java:188)
	at com.zixi.testing.ReceiverUdpOutCreationTest.receiverOutputUdpTest(ReceiverUdpOutCreationTest.java:27)
</failure>
    <system-out>receivertest
bug -------------JSONObject[&quot;message&quot;] not found.
</system-out>
  </testcase>
  <testcase classname="com.zixi.testing.FFMPEGImageStatisticTest" name="broadcasterSingleInputStreamStatisticAnilyzer" time="804.886">
    <failure message="expected [good] but found [bad]" type="java.lang.AssertionError">java.lang.AssertionError: expected [good] but found [bad]
	at org.testng.Assert.fail(Assert.java:94)
	at org.testng.Assert.failNotEquals(Assert.java:496)
	at org.testng.Assert.assertEquals(Assert.java:125)
	at org.testng.Assert.assertEquals(Assert.java:178)
	at org.testng.Assert.assertEquals(Assert.java:188)
	at com.zixi.testing.FFMPEGImageStatisticTest.broadcasterSingleInputStreamStatisticAnilyzer(FFMPEGImageStatisticTest.java:25)
</failure>
    <system-out>Expected is connected connected
Expected is output output
Expected is number 0
Expected is accepted accepted
Expected is output output
Expected is number 0
Expected is accepted accepted
Expected is output output
Expected is number 0
Expected is accepted accepted
Expected is output output
Expected is number 0
Expected is accepted accepted
Expected is output output
Expected is number 0
Expected is accepted accepted
Expected is output output
Expected is number 0
Expected is accepted accepted
Expected is output output
Expected is number 0
Expected is accepted accepted
Expected is output output
Expected is number 0
Expected is accepted accepted
Expected is output output
Expected is number 0
Expected is accepted accepted
Expected is output output
Expected is number 0
Expected is accepted accepted
Expected is output output
Expected is number 0
Expected is accepted accepted
Expected is output output
Expected is number 0
Expected is accepted accepted
Expected is output output
Expected is number 0
Expected is accepted accepted
Expected is output output
Expected is number 0
Expected is accepted accepted
Expected is output output
Expected is number 0
Expected is accepted accepted
Expected is output output
Expected is number 0
Expected is accepted accepted
Expected is output output
Expected is number 0
Expected is accepted accepted
Expected is output output
Expected is number 0
Expected is accepted accepted
Expected is output output
Expected is number 0
Expected is accepted accepted
Expected is output output
Expected is number 0
Expected is accepted accepted
</system-out>
  </testcase>
  <testcase classname="com.zixi.testing.ReceiverOutputStreamDeletionTest" name="receiverDeleteOutputStreamTest" time="0.005">
    <failure message="expected [Stream &apos;10.7.0.150:5555&apos; removed.] but found [Stream removed.]" type="java.lang.AssertionError">java.lang.AssertionError: expected [Stream &apos;10.7.0.150:5555&apos; removed.] but found [Stream removed.]
	at org.testng.Assert.fail(Assert.java:94)
	at org.testng.Assert.failNotEquals(Assert.java:496)
	at org.testng.Assert.assertEquals(Assert.java:125)
	at org.testng.Assert.assertEquals(Assert.java:178)
	at org.testng.Assert.assertEquals(Assert.java:188)
	at com.zixi.testing.ReceiverOutputStreamDeletionTest.receiverDeleteOutputStreamTest(ReceiverOutputStreamDeletionTest.java:22)
</failure>
  </testcase>
  <testcase classname="com.zixi.testing.FeederOutputDeletioinTest" name="broadcasterSingleStreamRemoving" time="0.008"/>
  <testcase classname="com.zixi.testing.BroadcasterSingleInputStreamDeletionTest" name="broadcasterInputStreamDeletion" time="0.007"/>
  <testcase classname="com.zixi.testing.ReceiverPullInputStreamDeletionTest" name="feederOutputToBxTest" time="0.007"/>
  <testcase classname="com.zixi.testing.FeederOutputPushToBxTest" name="feederOutputToBxTest" time="0.008"/>
  <testcase classname="com.zixi.testing.BroadcasterPushInStreamCreationTest" name="broadcasterSingleStreamRemoving" time="0.004"/>
  <testcase classname="com.zixi.testing.ReceiverPullInputStreamCreationTest" name="feederOutputToBxTest" time="0.007"/>
  <testcase classname="com.zixi.testing.BroadcasterInputStatisticSingleStreamTest" name="broadcasterSingleInputStreamstatisticAnilyzer" time="75.074"/>
  <testcase classname="com.zixi.testing.ReceiverInputStatisticTest" name="receiverInputStatistic" time="70.056"/>
  <testcase classname="com.zixi.testing.ReceiverUdpOutCreationTest" name="receiverOutputUdpTest" time="0.005">
    <failure message="expected [Stream &apos;10.7.0.150:5555&apos; added.] but found [{&quot;error&quot;:&quot;Failed adding new stream; Target conflict&quot;}]" type="java.lang.AssertionError">java.lang.AssertionError: expected [Stream &apos;10.7.0.150:5555&apos; added.] but found [{&quot;error&quot;:&quot;Failed adding new stream; Target conflict&quot;}]
	at org.testng.Assert.fail(Assert.java:94)
	at org.testng.Assert.failNotEquals(Assert.java:496)
	at org.testng.Assert.assertEquals(Assert.java:125)
	at org.testng.Assert.assertEquals(Assert.java:178)
	at org.testng.Assert.assertEquals(Assert.java:188)
	at com.zixi.testing.ReceiverUdpOutCreationTest.receiverOutputUdpTest(ReceiverUdpOutCreationTest.java:27)
</failure>
    <system-out>receivertest
bug -------------JSONObject[&quot;message&quot;] not found.
</system-out>
  </testcase>
  <testcase classname="com.zixi.testing.FFMPEGImageStatisticTest" name="broadcasterSingleInputStreamStatisticAnilyzer" time="804.882">
    <failure message="expected [good] but found [bad]" type="java.lang.AssertionError">java.lang.AssertionError: expected [good] but found [bad]
	at org.testng.Assert.fail(Assert.java:94)
	at org.testng.Assert.failNotEquals(Assert.java:496)
	at org.testng.Assert.assertEquals(Assert.java:125)
	at org.testng.Assert.assertEquals(Assert.java:178)
	at org.testng.Assert.assertEquals(Assert.java:188)
	at com.zixi.testing.FFMPEGImageStatisticTest.broadcasterSingleInputStreamStatisticAnilyzer(FFMPEGImageStatisticTest.java:25)
</failure>
    <system-out>Expected is connected connected
Expected is output output
Expected is number 0
Expected is accepted accepted
Expected is output output
Expected is number 0
Expected is accepted accepted
Expected is output output
Expected is number 0
Expected is accepted accepted
Expected is output output
Expected is number 0
Expected is accepted accepted
Expected is output output
Expected is number 0
Expected is accepted accepted
Expected is output output
Expected is number 0
Expected is accepted accepted
Expected is output output
Expected is number 0
Expected is accepted accepted
Expected is output output
Expected is number 0
Expected is accepted accepted
Expected is output output
Expected is number 0
Expected is accepted accepted
Expected is output output
Expected is number 0
Expected is accepted accepted
Expected is output output
Expected is number 0
Expected is accepted accepted
Expected is output output
Expected is number 0
Expected is accepted accepted
Expected is output output
Expected is number 0
Expected is accepted accepted
Expected is output output
Expected is number 0
Expected is accepted accepted
Expected is output output
Expected is number 0
Expected is accepted accepted
Expected is output output
Expected is number 0
Expected is accepted accepted
Expected is output output
Expected is number 0
Expected is accepted accepted
Expected is output output
Expected is number 0
Expected is accepted accepted
Expected is output output
Expected is number 0
Expected is accepted accepted
Expected is output output
Expected is number 0
Expected is accepted accepted
</system-out>
  </testcase>
  <testcase classname="com.zixi.testing.ReceiverOutputStreamDeletionTest" name="receiverDeleteOutputStreamTest" time="0.005">
    <failure message="expected [Stream &apos;10.7.0.150:5555&apos; removed.] but found [Stream removed.]" type="java.lang.AssertionError">java.lang.AssertionError: expected [Stream &apos;10.7.0.150:5555&apos; removed.] but found [Stream removed.]
	at org.testng.Assert.fail(Assert.java:94)
	at org.testng.Assert.failNotEquals(Assert.java:496)
	at org.testng.Assert.assertEquals(Assert.java:125)
	at org.testng.Assert.assertEquals(Assert.java:178)
	at org.testng.Assert.assertEquals(Assert.java:188)
	at com.zixi.testing.ReceiverOutputStreamDeletionTest.receiverDeleteOutputStreamTest(ReceiverOutputStreamDeletionTest.java:22)
</failure>
  </testcase>
  <testcase classname="com.zixi.testing.FeederOutputDeletioinTest" name="broadcasterSingleStreamRemoving" time="0.008"/>
  <testcase classname="com.zixi.testing.BroadcasterSingleInputStreamDeletionTest" name="broadcasterInputStreamDeletion" time="0.003"/>
  <testcase classname="com.zixi.testing.ReceiverPullInputStreamDeletionTest" name="feederOutputToBxTest" time="0.008"/>
  <testcase classname="com.zixi.testing.FeederOutputPushToBxTest" name="feederOutputToBxTest" time="0.006"/>
  <testcase classname="com.zixi.testing.BroadcasterPushInStreamCreationTest" name="broadcasterSingleStreamRemoving" time="0.002"/>
  <testcase classname="com.zixi.testing.ReceiverPullInputStreamCreationTest" name="feederOutputToBxTest" time="0.01"/>
  <testcase classname="com.zixi.testing.BroadcasterInputStatisticSingleStreamTest" name="broadcasterSingleInputStreamstatisticAnilyzer" time="75.097"/>
  <testcase classname="com.zixi.testing.ReceiverInputStatisticTest" name="receiverInputStatistic" time="70.093"/>
  <testcase classname="com.zixi.testing.ReceiverUdpOutCreationTest" name="receiverOutputUdpTest" time="0.005"/>
  <testcase classname="com.zixi.testing.FFMPEGImageStatisticTest" name="broadcasterSingleInputStreamStatisticAnilyzer" time="120.263"/>
  <testcase classname="com.zixi.testing.ReceiverOutputStreamDeletionTest" name="receiverDeleteOutputStreamTest" time="0.004"/>
  <testcase classname="com.zixi.testing.FeederOutputDeletioinTest" name="broadcasterSingleStreamRemoving" time="0.007"/>
  <testcase classname="com.zixi.testing.BroadcasterSingleInputStreamDeletionTest" name="broadcasterInputStreamDeletion" time="0.006"/>
  <testcase classname="com.zixi.testing.ReceiverPullInputStreamDeletionTest" name="feederOutputToBxTest" time="0.005"/>
  <testcase classname="com.zixi.testing.FeederOutputPushToBxTest" name="feederOutputToBxTest" time="0.007"/>
  <testcase classname="com.zixi.testing.BroadcasterPushInStreamCreationTest" name="broadcasterSingleStreamRemoving" time="0.003"/>
  <testcase classname="com.zixi.testing.ReceiverPullInputStreamCreationTest" name="feederOutputToBxTest" time="0.007"/>
  <testcase classname="com.zixi.testing.BroadcasterInputStatisticSingleStreamTest" name="broadcasterSingleInputStreamstatisticAnilyzer" time="75.065"/>
  <testcase classname="com.zixi.testing.ReceiverInputStatisticTest" name="receiverInputStatistic" time="70.051"/>
  <testcase classname="com.zixi.testing.ReceiverUdpOutCreationTest" name="receiverOutputUdpTest" time="0.005"/>
  <testcase classname="com.zixi.testing.FFMPEGImageStatisticTest" name="broadcasterSingleInputStreamStatisticAnilyzer" time="118.945"/>
  <testcase classname="com.zixi.testing.ReceiverOutputStreamDeletionTest" name="receiverDeleteOutputStreamTest" time="0.004"/>
  <testcase classname="com.zixi.testing.FeederOutputDeletioinTest" name="broadcasterSingleStreamRemoving" time="0.01"/>
  <testcase classname="com.zixi.testing.BroadcasterSingleInputStreamDeletionTest" name="broadcasterInputStreamDeletion" time="0.007"/>
  <testcase classname="com.zixi.testing.ReceiverPullInputStreamDeletionTest" name="feederOutputToBxTest" time="0.006"/>
  <testcase classname="com.zixi.testing.FeederOutputPushToBxTest" name="feederOutputToBxTest" time="0.008"/>
  <testcase classname="com.zixi.testing.BroadcasterPushInStreamCreationTest" name="broadcasterSingleStreamRemoving" time="0.003"/>
  <testcase classname="com.zixi.testing.ReceiverPullInputStreamCreationTest" name="feederOutputToBxTest" time="0.007"/>
  <testcase classname="com.zixi.testing.BroadcasterInputStatisticSingleStreamTest" name="broadcasterSingleInputStreamstatisticAnilyzer" time="75.067"/>
  <testcase classname="com.zixi.testing.ReceiverInputStatisticTest" name="receiverInputStatistic" time="70.049"/>
  <testcase classname="com.zixi.testing.ReceiverUdpOutCreationTest" name="receiverOutputUdpTest" time="0.004"/>
  <testcase classname="com.zixi.testing.FFMPEGImageStatisticTest" name="broadcasterSingleInputStreamStatisticAnilyzer" time="120.456"/>
  <testcase classname="com.zixi.testing.ReceiverOutputStreamDeletionTest" name="receiverDeleteOutputStreamTest" time="0.005"/>
  <testcase classname="com.zixi.testing.FeederOutputDeletioinTest" name="broadcasterSingleStreamRemoving" time="0.008"/>
  <testcase classname="com.zixi.testing.BroadcasterSingleInputStreamDeletionTest" name="broadcasterInputStreamDeletion" time="0.003"/>
  <testcase classname="com.zixi.testing.ReceiverPullInputStreamDeletionTest" name="feederOutputToBxTest" time="0.007"/>
  <testcase classname="com.zixi.testing.BroadcasterSinglePullInStreamCreationTest" name="broadcasterPullInCreation" time="0.005"/>
  <testcase classname="com.zixi.testing.BroadcasterSinglePullInStreamCreationTest" name="broadcasterPullInCreation" time="0.007"/>
  <testcase classname="com.zixi.testing.BroadcasterSinglePullInStreamCreationTest" name="broadcasterPullInCreation" time="0.005"/>
  <testcase classname="com.zixi.testing.BroadcasterCreateAddaptiveGroupTest" name="receiverOutputUdpTest" time="0.196"/>
  <testcase classname="com.zixi.testing.ReceiverPullInputStreamCreationTest" name="feederOutputToBxTest" time="0.006"/>
  <testcase classname="com.zixi.testing.ReceiverInputStatisticTest" name="receiverInputStatistic" time="120.109"/>
  <testcase classname="com.zixi.testing.ReceiverUdpOutCreationTest" name="receiverOutputUdpTest" time="0.003"/>
  <testcase classname="com.zixi.testing.FFMPEGImageStatisticTest" name="broadcasterSingleInputStreamStatisticAnilyzer" time="119.984"/>
  <testcase classname="com.zixi.testing.ReceiverOutputStreamDeletionTest" name="receiverDeleteOutputStreamTest" time="0.004"/>
  <testcase classname="com.zixi.testing.ReceiverPullInputStreamDeletionTest" name="feederOutputToBxTest" time="0.008"/>
  <testcase classname="com.zixi.testing.BroadcasterAdaptiveGroupDeletionTest" name="receiverOutputUdpTest" time="0.1"/>
  <testcase classname="com.zixi.testing.BroadcasterSingleInputStreamDeletionTest" name="broadcasterInputStreamDeletion" time="0.007"/>
  <testcase classname="com.zixi.testing.BroadcasterSingleInputStreamDeletionTest" name="broadcasterInputStreamDeletion" time="0.169"/>
  <testcase classname="com.zixi.testing.BroadcasterSingleInputStreamDeletionTest" name="broadcasterInputStreamDeletion" time="0.006"/>
  <testcase classname="com.zixi.testing.FeederOutputPushToBxTest" name="feederOutputToBxTest" time="0.011"/>
  <testcase classname="com.zixi.testing.BroadcasterPushInStreamCreationTest" name="broadcasterSingleStreamRemoving" time="0.004"/>
  <testcase classname="com.zixi.testing.BroadcasterInputStatisticSingleStreamTest" name="broadcasterSingleInputStreamstatisticAnilyzer" time="45.026"/>
  <testcase classname="com.zixi.testing.BroadcasterRtmpPushOutputCreationTest" name="broadcasterSingleStreamRemoving" time="0.003"/>
  <testcase classname="com.zixi.testing.FFMPEGImageStatisticTest" name="broadcasterSingleInputStreamStatisticAnilyzer" time="128.247"/>
  <testcase classname="com.zixi.testing.BroadcaserSingleOutputStreamDeletionTest" name="broadcasterSingleStreamRemoving" time="0.004"/>
  <testcase classname="com.zixi.testing.FeederOutputDeletioinTest" name="broadcasterSingleStreamRemoving" time="0.009"/>
  <testcase classname="com.zixi.testing.BroadcasterSingleInputStreamDeletionTest" name="broadcasterInputStreamDeletion" time="0.003"/>
  <testcase classname="com.zixi.testing.BroadcasterSinglePullInStreamCreationTest" name="broadcasterPullInCreation" time="0.004"/>
  <testcase classname="com.zixi.testing.BroadcasterAddTranscoderProfileTest" name="broadcasterSingleInputStreamstatisticAnilyzer" time="0.004"/>
  <testcase classname="com.zixi.testing.BroadcasterInputStatisticSingleStreamTest" name="broadcasterSingleInputStreamstatisticAnilyzer" time="28.004"/>
  <testcase classname="com.zixi.testing.BroadcasterTrannscodeStreamTest" name="broadcasterSingleInputStreamstatisticAnilyzer" time="0.014"/>
  <testcase classname="com.zixi.testing.BroadcasterUDPOutputStreamCreationTest" name="broadcasterPullInCreation" time="0.003"/>
  <testcase classname="com.zixi.testing.FFMPEGImageStatisticTest" name="broadcasterSingleInputStreamStatisticAnilyzer" time="155.988"/>
  <testcase classname="com.zixi.testing.BroadcaserSingleOutputStreamDeletionTest" name="broadcasterSingleStreamRemoving" time="0.005"/>
  <testcase classname="com.zixi.testing.BroadcasterSingleInputStreamDeletionTest" name="broadcasterInputStreamDeletion" time="0.009"/>
  <testcase classname="com.zixi.testing.BroadcasterTranscoderDeletProfileTest" name="broadcasterDeleteProfile" time="0.003"/>
  <testcase classname="com.zixi.testing.BroadcasterSinglePullInStreamCreationTest" name="broadcasterPullInCreation" time="0.007"/>
  <testcase classname="com.zixi.testing.BroadcasterAddTranscoderProfileTest" name="broadcasterSingleInputStreamstatisticAnilyzer" time="0.003"/>
  <testcase classname="com.zixi.testing.BroadcasterInputStatisticSingleStreamTest" name="broadcasterSingleInputStreamstatisticAnilyzer" time="28.01"/>
  <testcase classname="com.zixi.testing.BroadcasterTrannscodeStreamTest" name="broadcasterSingleInputStreamstatisticAnilyzer" time="0.013"/>
  <testcase classname="com.zixi.testing.BroadcasterUDPOutputStreamCreationTest" name="broadcasterPullInCreation" time="0.004"/>
  <testcase classname="com.zixi.testing.FFMPEGImageStatisticTest" name="broadcasterSingleInputStreamStatisticAnilyzer" time="201.813"/>
  <testcase classname="com.zixi.testing.BroadcaserSingleOutputStreamDeletionTest" name="broadcasterSingleStreamRemoving" time="0.005"/>
  <testcase classname="com.zixi.testing.BroadcasterSingleInputStreamDeletionTest" name="broadcasterInputStreamDeletion" time="0.018"/>
  <testcase classname="com.zixi.testing.BroadcasterTranscoderDeletProfileTest" name="broadcasterDeleteProfile" time="0.007"/>
  <testcase classname="com.zixi.testing.BroadcasterSinglePullInStreamCreationTest" name="broadcasterPullInCreation" time="0.007"/>
  <testcase classname="com.zixi.testing.BroadcasterAddTranscoderProfileTest" name="broadcasterSingleInputStreamstatisticAnilyzer" time="0.004"/>
  <testcase classname="com.zixi.testing.BroadcasterInputStatisticSingleStreamTest" name="broadcasterSingleInputStreamstatisticAnilyzer" time="28.006"/>
  <testcase classname="com.zixi.testing.BroadcasterTrannscodeStreamTest" name="broadcasterSingleInputStreamstatisticAnilyzer" time="0.013"/>
  <testcase classname="com.zixi.testing.BroadcasterUDPOutputStreamCreationTest" name="broadcasterPullInCreation" time="0.003"/>
  <testcase classname="com.zixi.testing.FFMPEGImageStatisticTest" name="broadcasterSingleInputStreamStatisticAnilyzer" time="148.558"/>
  <testcase classname="com.zixi.testing.BroadcaserSingleOutputStreamDeletionTest" name="broadcasterSingleStreamRemoving" time="0.004"/>
  <testcase classname="com.zixi.testing.BroadcasterSingleInputStreamDeletionTest" name="broadcasterInputStreamDeletion" time="0.012"/>
  <testcase classname="com.zixi.testing.BroadcasterTranscoderDeletProfileTest" name="broadcasterDeleteProfile" time="0.012"/>
  <testcase classname="com.zixi.testing.BroadcasterSinglePullInStreamCreationTest" name="broadcasterPullInCreation" time="0.089"/>
  <testcase classname="com.zixi.testing.BroadcasterAddTranscoderProfileTest" name="broadcasterSingleInputStreamstatisticAnilyzer" time="0.002"/>
  <testcase classname="com.zixi.testing.BroadcasterInputStatisticSingleStreamTest" name="broadcasterSingleInputStreamstatisticAnilyzer" time="28.006"/>
  <testcase classname="com.zixi.testing.BroadcasterTrannscodeStreamTest" name="broadcasterSingleInputStreamstatisticAnilyzer" time="0.014"/>
  <testcase classname="com.zixi.testing.BroadcasterUDPOutputStreamCreationTest" name="broadcasterPullInCreation" time="0.004"/>
  <testcase classname="com.zixi.testing.FFMPEGImageStatisticTest" name="broadcasterSingleInputStreamStatisticAnilyzer" time="135.587"/>
  <testcase classname="com.zixi.testing.BroadcaserSingleOutputStreamDeletionTest" name="broadcasterSingleStreamRemoving" time="0.005"/>
  <testcase classname="com.zixi.testing.BroadcasterSingleInputStreamDeletionTest" name="broadcasterInputStreamDeletion" time="0.014"/>
  <testcase classname="com.zixi.testing.BroadcasterTranscoderDeletProfileTest" name="broadcasterDeleteProfile" time="0.003"/>
  <testcase classname="com.zixi.testing.BroadcasterSinglePullInStreamCreationTest" name="broadcasterPullInCreation" time="0.004"/>
  <testcase classname="com.zixi.testing.BroadcasterAddTranscoderProfileTest" name="broadcasterSingleInputStreamstatisticAnilyzer" time="0.003"/>
  <testcase classname="com.zixi.testing.BroadcasterInputStatisticSingleStreamTest" name="broadcasterSingleInputStreamstatisticAnilyzer" time="28.009"/>
  <testcase classname="com.zixi.testing.BroadcasterTrannscodeStreamTest" name="broadcasterSingleInputStreamstatisticAnilyzer" time="0.014"/>
  <testcase classname="com.zixi.testing.BroadcasterUDPOutputStreamCreationTest" name="broadcasterPullInCreation" time="0.006"/>
  <testcase classname="com.zixi.testing.FFMPEGImageStatisticTest" name="broadcasterSingleInputStreamStatisticAnilyzer" time="162.265"/>
  <testcase classname="com.zixi.testing.BroadcaserSingleOutputStreamDeletionTest" name="broadcasterSingleStreamRemoving" time="0.005"/>
  <testcase classname="com.zixi.testing.BroadcasterSingleInputStreamDeletionTest" name="broadcasterInputStreamDeletion" time="0.014"/>
  <testcase classname="com.zixi.testing.BroadcasterTranscoderDeletProfileTest" name="broadcasterDeleteProfile" time="0.007"/>
  <testcase classname="com.zixi.testing.BroadcasterSinglePullInStreamCreationTest" name="broadcasterPullInCreation" time="0.085"/>
  <testcase classname="com.zixi.testing.BroadcasterSinglePullInStreamCreationTest" name="broadcasterPullInCreation" time="0.005"/>
  <testcase classname="com.zixi.testing.BroadcasterSinglePullInStreamCreationTest" name="broadcasterPullInCreation" time="0.006"/>
  <testcase classname="com.zixi.testing.BroadcasterCreateAddaptiveGroupTest" name="receiverOutputUdpTest" time="0.006"/>
  <testcase classname="com.zixi.testing.FFMPEGImageStatisticHlsTest" name="broadcasterSingleInputStreamStatisticAnilyzer" time="40.216"/>
  <testcase classname="com.zixi.testing.BroadcasterAdaptiveGroupDeletionTest" name="receiverOutputUdpTest" time="0.026"/>
  <testcase classname="com.zixi.testing.BroadcasterSingleInputStreamDeletionTest" name="broadcasterInputStreamDeletion" time="0.005"/>
  <testcase classname="com.zixi.testing.BroadcasterSingleInputStreamDeletionTest" name="broadcasterInputStreamDeletion" time="0.171"/>
  <testcase classname="com.zixi.testing.BroadcasterSingleInputStreamDeletionTest" name="broadcasterInputStreamDeletion" time="0.006"/>
</testsuite>