<?xml version="1.0" encoding="UTF-8"?>
<!-- Generated by org.testng.reporters.JUnitReportReporter -->
<testsuite hostname="yuri-PC" name="com.zixi.testing.ReceiverInputStatisticTest" tests="4" failures="0" timestamp="19 May 2016 10:00:07 GMT" time="561.518" errors="0">
  <testcase name="receiverInputStatistic" time="140.378" classname="com.zixi.testing.ReceiverInputStatisticTest"/>
  <testcase name="receiverInputStatistic" time="140.414" classname="com.zixi.testing.ReceiverInputStatisticTest"/>
  <testcase name="receiverInputStatistic" time="140.297" classname="com.zixi.testing.ReceiverInputStatisticTest"/>
  <testcase name="receiverInputStatistic" time="140.429" classname="com.zixi.testing.ReceiverInputStatisticTest"/>
</testsuite> <!-- com.zixi.testing.ReceiverInputStatisticTest -->
