<?xml version="1.0" encoding="UTF-8"?>
<!-- Generated by org.testng.reporters.JUnitReportReporter -->
<testsuite hostname="yuri-PC" name="com.zixi.testing.BroadcaserSingleOutputStreamDeletionTest" tests="4" failures="0" timestamp="18 Feb 2017 16:11:11 GMT" time="0.316" errors="0">
  <testcase name="broadcasterSingleStreamRemoving" time="0.079" classname="com.zixi.testing.BroadcaserSingleOutputStreamDeletionTest"/>
  <testcase name="broadcasterSingleStreamRemoving" time="0.072" classname="com.zixi.testing.BroadcaserSingleOutputStreamDeletionTest"/>
  <testcase name="broadcasterSingleStreamRemoving" time="0.096" classname="com.zixi.testing.BroadcaserSingleOutputStreamDeletionTest"/>
  <testcase name="broadcasterSingleStreamRemoving" time="0.069" classname="com.zixi.testing.BroadcaserSingleOutputStreamDeletionTest"/>
</testsuite> <!-- com.zixi.testing.BroadcaserSingleOutputStreamDeletionTest -->
