<?xml version="1.0" encoding="UTF-8"?>
<!-- Generated by org.testng.reporters.JUnitReportReporter -->
<testsuite hostname="yuri-PC" name="com.zixi.testing.ReceiverPullInputStreamCreationTest" tests="6" failures="0" timestamp="19 May 2016 10:00:07 GMT" time="0.408" errors="0">
  <testcase name="feederOutputToBxTest" time="0.068" classname="com.zixi.testing.ReceiverPullInputStreamCreationTest"/>
  <testcase name="feederOutputToBxTest" time="0.064" classname="com.zixi.testing.ReceiverPullInputStreamCreationTest"/>
  <testcase name="feederOutputToBxTest" time="0.070" classname="com.zixi.testing.ReceiverPullInputStreamCreationTest"/>
  <testcase name="feederOutputToBxTest" time="0.078" classname="com.zixi.testing.ReceiverPullInputStreamCreationTest"/>
  <testcase name="feederOutputToBxTest" time="0.064" classname="com.zixi.testing.ReceiverPullInputStreamCreationTest"/>
  <testcase name="feederOutputToBxTest" time="0.064" classname="com.zixi.testing.ReceiverPullInputStreamCreationTest"/>
</testsuite> <!-- com.zixi.testing.ReceiverPullInputStreamCreationTest -->
