<?xml version="1.0" encoding="UTF-8"?>
<!-- Generated by org.testng.reporters.JUnitReportReporter -->
<testsuite hostname="yuri-PC" name="com.zixi.testing.BroadcaserSingleOutputStreamDeletionTest" tests="2" failures="0" timestamp="19 Feb 2017 13:50:34 GMT" time="0.165" errors="0">
  <testcase name="broadcasterSingleStreamRemoving" time="0.084" classname="com.zixi.testing.BroadcaserSingleOutputStreamDeletionTest"/>
  <testcase name="broadcasterSingleStreamRemoving" time="0.081" classname="com.zixi.testing.BroadcaserSingleOutputStreamDeletionTest"/>
</testsuite> <!-- com.zixi.testing.BroadcaserSingleOutputStreamDeletionTest -->
