<?xml version="1.0" encoding="UTF-8"?>
<!-- Generated by org.testng.reporters.JUnitReportReporter -->
<testsuite hostname="yuri-PC" name="com.zixi.testing.BroadcasterIntelTrannscodeStreamTest" tests="4" failures="0" timestamp="18 Feb 2017 16:11:11 GMT" time="0.400" errors="0">
  <testcase name="broadcasterSingleInputStreamstatisticAnilyzer" time="0.079" classname="com.zixi.testing.BroadcasterIntelTrannscodeStreamTest"/>
  <testcase name="broadcasterSingleInputStreamstatisticAnilyzer" time="0.143" classname="com.zixi.testing.BroadcasterIntelTrannscodeStreamTest"/>
  <testcase name="broadcasterSingleInputStreamstatisticAnilyzer" time="0.100" classname="com.zixi.testing.BroadcasterIntelTrannscodeStreamTest"/>
  <testcase name="broadcasterSingleInputStreamstatisticAnilyzer" time="0.078" classname="com.zixi.testing.BroadcasterIntelTrannscodeStreamTest"/>
</testsuite> <!-- com.zixi.testing.BroadcasterIntelTrannscodeStreamTest -->
