<?xml version="1.0" encoding="UTF-8"?>
<!-- Generated by org.testng.reporters.JUnitReportReporter -->
<testsuite hostname="yuri-PC" name="com.zixi.testing.VisualQualityTest" tests="4" failures="0" timestamp="19 May 2016 18:22:20 GMT" time="1231.930" errors="0">
  <testcase name="broadcasterRtmpPullTest" time="822.671" classname="com.zixi.testing.VisualQualityTest"/>
  <testcase name="broadcasterRtmpPullTest" time="155.987" classname="com.zixi.testing.VisualQualityTest"/>
  <testcase name="broadcasterRtmpPullTest" time="186.953" classname="com.zixi.testing.VisualQualityTest"/>
  <testcase name="broadcasterRtmpPullTest" time="66.319" classname="com.zixi.testing.VisualQualityTest"/>
</testsuite> <!-- com.zixi.testing.VisualQualityTest -->
