<?xml version="1.0" encoding="UTF-8"?>
<!-- Generated by org.testng.reporters.JUnitReportReporter -->
<testsuite hostname="yuri-PC" name="com.zixi.testing.BroadcasterRtmpInputTest" tests="1" failures="0" timestamp="16 May 2016 10:05:50 GMT" time="0.355" errors="0">
  <testcase name="broadcasterRtmpPullTest" time="0.355" classname="com.zixi.testing.BroadcasterRtmpInputTest"/>
</testsuite> <!-- com.zixi.testing.BroadcasterRtmpInputTest -->
