<?xml version="1.0" encoding="UTF-8"?>
<!-- Generated by org.testng.reporters.JUnitReportReporter -->
<testsuite hostname="yuri-PC" name="com.zixi.testing.BroadcasterTranscoderDeletProfileTest" tests="4" failures="0" timestamp="15 Feb 2017 16:26:58 GMT" time="0.276" errors="0">
  <testcase name="broadcasterDeleteProfile" time="0.068" classname="com.zixi.testing.BroadcasterTranscoderDeletProfileTest"/>
  <testcase name="broadcasterDeleteProfile" time="0.068" classname="com.zixi.testing.BroadcasterTranscoderDeletProfileTest"/>
  <testcase name="broadcasterDeleteProfile" time="0.074" classname="com.zixi.testing.BroadcasterTranscoderDeletProfileTest"/>
  <testcase name="broadcasterDeleteProfile" time="0.066" classname="com.zixi.testing.BroadcasterTranscoderDeletProfileTest"/>
</testsuite> <!-- com.zixi.testing.BroadcasterTranscoderDeletProfileTest -->
