<?xml version="1.0" encoding="UTF-8"?>
<!-- Generated by org.testng.reporters.JUnitReportReporter -->
<testsuite hostname="yuri-PC" name="com.zixi.testing.DeleteAudioProfileTest" tests="4" failures="0" timestamp="5 May 2016 12:15:28 GMT" time="0.285" errors="0">
  <testcase name="broadcasterPullInCreation" time="0.081" classname="com.zixi.testing.DeleteAudioProfileTest"/>
  <testcase name="broadcasterPullInCreation" time="0.067" classname="com.zixi.testing.DeleteAudioProfileTest"/>
  <testcase name="broadcasterPullInCreation" time="0.064" classname="com.zixi.testing.DeleteAudioProfileTest"/>
  <testcase name="broadcasterPullInCreation" time="0.073" classname="com.zixi.testing.DeleteAudioProfileTest"/>
</testsuite> <!-- com.zixi.testing.DeleteAudioProfileTest -->
