<?xml version="1.0" encoding="UTF-8"?>
<!-- Generated by org.testng.reporters.JUnitReportReporter -->
<testsuite hostname="yuri-PC" name="com.zixi.testing.BroadcasterPushInStreamCreationWithHighPriorityTest" tests="1" failures="0" timestamp="27 Mar 2016 13:32:56 GMT" time="0.070" errors="0">
  <testcase name="broadcasterSingleStreamRemoving" time="0.070" classname="com.zixi.testing.BroadcasterPushInStreamCreationWithHighPriorityTest"/>
</testsuite> <!-- com.zixi.testing.BroadcasterPushInStreamCreationWithHighPriorityTest -->
