<?xml version="1.0" encoding="UTF-8"?>
<!-- Generated by org.testng.reporters.JUnitReportReporter -->
<testsuite hostname="yuri-PC" name="com.zixi.testing.BroadcasterSinglePullInStreamCreationTest" tests="4" failures="0" timestamp="16 Feb 2017 13:05:57 GMT" time="0.430" errors="0">
  <testcase name="broadcasterPullInCreation" time="0.210" classname="com.zixi.testing.BroadcasterSinglePullInStreamCreationTest"/>
  <testcase name="broadcasterPullInCreation" time="0.068" classname="com.zixi.testing.BroadcasterSinglePullInStreamCreationTest"/>
  <testcase name="broadcasterPullInCreation" time="0.067" classname="com.zixi.testing.BroadcasterSinglePullInStreamCreationTest"/>
  <testcase name="broadcasterPullInCreation" time="0.085" classname="com.zixi.testing.BroadcasterSinglePullInStreamCreationTest"/>
</testsuite> <!-- com.zixi.testing.BroadcasterSinglePullInStreamCreationTest -->
