<?xml version="1.0" encoding="UTF-8"?>
<!-- Generated by org.testng.reporters.JUnitReportReporter -->
<testsuite hostname="yuri-PC" name="com.zixi.testing.FFMPEGImageStatisticModeTest" tests="1" failures="0" timestamp="16 May 2016 11:36:15 GMT" time="41.446" errors="0">
  <testcase name="broadcasterSingleInputStreamStatisticAnilyzer" time="41.446" classname="com.zixi.testing.FFMPEGImageStatisticModeTest"/>
</testsuite> <!-- com.zixi.testing.FFMPEGImageStatisticModeTest -->
