<?xml version="1.0" encoding="UTF-8"?>
<!-- Generated by org.testng.reporters.JUnitReportReporter -->
<testsuite hostname="yuri-PC" name="com.zixi.tools.TestLinker" tests="1" failures="0" timestamp="13 Apr 2016 16:08:13 GMT" time="44.496" errors="0">
  <testcase name="setToBlockedStatusTestLinkedTests" time="44.496" classname="com.zixi.tools.TestLinker"/>
</testsuite> <!-- com.zixi.tools.TestLinker -->
