<?xml version="1.0" encoding="UTF-8"?>
<!-- Generated by org.testng.reporters.JUnitReportReporter -->
<testsuite hostname="yuri-PC" name="com.zixi.testing.BroadcasterInputStatisticSingleStream" tests="1" failures="0" timestamp="30 Sep 2015 13:07:18 GMT" time="28.060" errors="0">
  <testcase name="broadcasterSingleInputStreamstatisticAnilyzer" time="28.060" classname="com.zixi.testing.BroadcasterInputStatisticSingleStream"/>
</testsuite> <!-- com.zixi.testing.BroadcasterInputStatisticSingleStream -->
