<?xml version="1.0" encoding="UTF-8"?>
<!-- Generated by org.testng.reporters.JUnitReportReporter -->
<testsuite hostname="yuri-PC" name="com.zixi.testing.BroadcasterUDPOutputStreamCreationTest" tests="8" failures="0" timestamp="14 Nov 2016 13:07:50 GMT" time="0.646" errors="0">
  <testcase name="broadcasterPullInCreation" time="0.074" classname="com.zixi.testing.BroadcasterUDPOutputStreamCreationTest"/>
  <testcase name="broadcasterPullInCreation" time="0.072" classname="com.zixi.testing.BroadcasterUDPOutputStreamCreationTest"/>
  <testcase name="broadcasterPullInCreation" time="0.075" classname="com.zixi.testing.BroadcasterUDPOutputStreamCreationTest"/>
  <testcase name="broadcasterPullInCreation" time="0.071" classname="com.zixi.testing.BroadcasterUDPOutputStreamCreationTest"/>
  <testcase name="broadcasterPullInCreation" time="0.099" classname="com.zixi.testing.BroadcasterUDPOutputStreamCreationTest"/>
  <testcase name="broadcasterPullInCreation" time="0.078" classname="com.zixi.testing.BroadcasterUDPOutputStreamCreationTest"/>
  <testcase name="broadcasterPullInCreation" time="0.098" classname="com.zixi.testing.BroadcasterUDPOutputStreamCreationTest"/>
  <testcase name="broadcasterPullInCreation" time="0.079" classname="com.zixi.testing.BroadcasterUDPOutputStreamCreationTest"/>
</testsuite> <!-- com.zixi.testing.BroadcasterUDPOutputStreamCreationTest -->
