<?xml version="1.0" encoding="UTF-8"?>
<!-- Generated by org.testng.reporters.JUnitReportReporter -->
<testsuite hostname="yuri-PC" name="com.zixi.testing.BroadcasterUDPOutputStreamCreationTest" tests="8" failures="0" timestamp="19 May 2016 18:22:20 GMT" time="0.593" errors="0">
  <testcase name="broadcasterPullInCreation" time="0.073" classname="com.zixi.testing.BroadcasterUDPOutputStreamCreationTest"/>
  <testcase name="broadcasterPullInCreation" time="0.083" classname="com.zixi.testing.BroadcasterUDPOutputStreamCreationTest"/>
  <testcase name="broadcasterPullInCreation" time="0.076" classname="com.zixi.testing.BroadcasterUDPOutputStreamCreationTest"/>
  <testcase name="broadcasterPullInCreation" time="0.073" classname="com.zixi.testing.BroadcasterUDPOutputStreamCreationTest"/>
  <testcase name="broadcasterPullInCreation" time="0.070" classname="com.zixi.testing.BroadcasterUDPOutputStreamCreationTest"/>
  <testcase name="broadcasterPullInCreation" time="0.071" classname="com.zixi.testing.BroadcasterUDPOutputStreamCreationTest"/>
  <testcase name="broadcasterPullInCreation" time="0.080" classname="com.zixi.testing.BroadcasterUDPOutputStreamCreationTest"/>
  <testcase name="broadcasterPullInCreation" time="0.067" classname="com.zixi.testing.BroadcasterUDPOutputStreamCreationTest"/>
</testsuite> <!-- com.zixi.testing.BroadcasterUDPOutputStreamCreationTest -->
