<?xml version="1.0" encoding="UTF-8"?>
<!-- Generated by org.testng.reporters.JUnitReportReporter -->
<testsuite hostname="yuri-PC" name="com.zixi.testing.BroadcasterNetworkTest" tests="1" failures="0" timestamp="13 Jan 2016 15:55:48 GMT" time="1.202" errors="0">
  <testcase name="compareIpsTest" time="1.202" classname="com.zixi.testing.BroadcasterNetworkTest"/>
</testsuite> <!-- com.zixi.testing.BroadcasterNetworkTest -->
