<?xml version="1.0" encoding="UTF-8"?>
<!-- Generated by org.testng.reporters.JUnitReportReporter -->
<testsuite hostname="yuri-PC" name="com.zixi.testing.BroadcaserSingleOutputStreamDeletionTest" tests="4" failures="0" timestamp="16 Feb 2017 11:14:07 GMT" time="0.317" errors="0">
  <testcase name="broadcasterSingleStreamRemoving" time="0.081" classname="com.zixi.testing.BroadcaserSingleOutputStreamDeletionTest"/>
  <testcase name="broadcasterSingleStreamRemoving" time="0.069" classname="com.zixi.testing.BroadcaserSingleOutputStreamDeletionTest"/>
  <testcase name="broadcasterSingleStreamRemoving" time="0.075" classname="com.zixi.testing.BroadcaserSingleOutputStreamDeletionTest"/>
  <testcase name="broadcasterSingleStreamRemoving" time="0.092" classname="com.zixi.testing.BroadcaserSingleOutputStreamDeletionTest"/>
</testsuite> <!-- com.zixi.testing.BroadcaserSingleOutputStreamDeletionTest -->
