<?xml version="1.0" encoding="UTF-8"?>
<!-- Generated by org.testng.reporters.JUnitReportReporter -->
<testsuite hostname="yuri-PC" name="com.zixi.testing.BroadcasterUDPOutputStreamCreationTest" tests="2" failures="0" timestamp="19 Feb 2017 13:50:34 GMT" time="0.142" errors="0">
  <testcase name="broadcasterPullInCreation" time="0.071" classname="com.zixi.testing.BroadcasterUDPOutputStreamCreationTest"/>
  <testcase name="broadcasterPullInCreation" time="0.071" classname="com.zixi.testing.BroadcasterUDPOutputStreamCreationTest"/>
</testsuite> <!-- com.zixi.testing.BroadcasterUDPOutputStreamCreationTest -->
