<?xml version="1.0" encoding="UTF-8"?>
<!-- Generated by org.testng.reporters.JUnitReportReporter -->
<testsuite hostname="yuri-PC" name="com.zixi.testing.BroadcasterPullOutputTest" tests="2" failures="0" timestamp="29 Mar 2016 13:11:16 GMT" time="0.417" errors="0">
  <testcase name="broadcasterPullInCreation" time="0.100" classname="com.zixi.testing.BroadcasterPullOutputTest"/>
  <testcase name="broadcasterPullInCreation" time="0.317" classname="com.zixi.testing.BroadcasterPullOutputTest"/>
</testsuite> <!-- com.zixi.testing.BroadcasterPullOutputTest -->
