<?xml version="1.0" encoding="UTF-8"?>
<!-- Generated by org.testng.reporters.JUnitReportReporter -->
<testsuite hostname="yuri-PC" name="com.zixi.testing.BroadcasterSinglePullInStreamCreationTest" tests="2" failures="0" timestamp="19 Feb 2017 14:46:24 GMT" time="0.300" errors="0">
  <testcase name="broadcasterPullInCreation" time="0.077" classname="com.zixi.testing.BroadcasterSinglePullInStreamCreationTest"/>
  <testcase name="broadcasterPullInCreation" time="0.223" classname="com.zixi.testing.BroadcasterSinglePullInStreamCreationTest"/>
</testsuite> <!-- com.zixi.testing.BroadcasterSinglePullInStreamCreationTest -->
