<?xml version="1.0" encoding="UTF-8"?>
<!-- Generated by org.testng.reporters.JUnitReportReporter -->
<testsuite hostname="yuri-PC" name="com.zixi.testing.BroadcasterRtmpPushInputCreationStreamTest" tests="1" failures="0" timestamp="14 Apr 2016 11:59:02 GMT" time="0.081" errors="0">
  <testcase name="broadcasterRtmpPushTest" time="0.081" classname="com.zixi.testing.BroadcasterRtmpPushInputCreationStreamTest"/>
</testsuite> <!-- com.zixi.testing.BroadcasterRtmpPushInputCreationStreamTest -->
