<?xml version="1.0" encoding="UTF-8"?>
<!-- Generated by org.testng.reporters.JUnitReportReporter -->
<testsuite hostname="yuri-PC" name="com.zixi.testing.AddAudioProfileTest" tests="4" failures="0" timestamp="5 May 2016 12:15:28 GMT" time="0.283" errors="0">
  <testcase name="broadcasterPullInCreation" time="0.068" classname="com.zixi.testing.AddAudioProfileTest"/>
  <testcase name="broadcasterPullInCreation" time="0.064" classname="com.zixi.testing.AddAudioProfileTest"/>
  <testcase name="broadcasterPullInCreation" time="0.065" classname="com.zixi.testing.AddAudioProfileTest"/>
  <testcase name="broadcasterPullInCreation" time="0.086" classname="com.zixi.testing.AddAudioProfileTest"/>
</testsuite> <!-- com.zixi.testing.AddAudioProfileTest -->
