<?xml version="1.0" encoding="UTF-8"?>
<!-- Generated by org.testng.reporters.JUnitReportReporter -->
<testsuite hostname="yuri-PC" name="com.zixi.testing.BroadcasterCreateAddaptiveGroupTest" tests="1" failures="0" timestamp="10 Apr 2016 07:55:59 GMT" time="0.079" errors="0">
  <testcase name="receiverOutputUdpTest" time="0.079" classname="com.zixi.testing.BroadcasterCreateAddaptiveGroupTest"/>
</testsuite> <!-- com.zixi.testing.BroadcasterCreateAddaptiveGroupTest -->
