<?xml version="1.0" encoding="UTF-8"?>
<!-- Generated by org.testng.reporters.JUnitReportReporter -->
<testsuite hostname="yuri-PC" name="com.zixi.testing.VisualQualityTest" tests="2" failures="0" timestamp="16 Nov 2016 13:22:31 GMT" time="906.481" errors="0">
  <testcase name="broadcasterRtmpPullTest" time="546.964" classname="com.zixi.testing.VisualQualityTest"/>
  <testcase name="broadcasterRtmpPullTest" time="359.517" classname="com.zixi.testing.VisualQualityTest"/>
</testsuite> <!-- com.zixi.testing.VisualQualityTest -->
