<?xml version="1.0" encoding="UTF-8"?>
<!-- Generated by org.testng.reporters.JUnitReportReporter -->
<testsuite hostname="yuri-PC" name="com.zixi.testing.BroadcasterSetRtmpSettingsTest" tests="4" failures="0" timestamp="17 May 2016 15:09:41 GMT" time="0.318" errors="0">
  <testcase name="broadcasterSingleStreamRemoving" time="0.078" classname="com.zixi.testing.BroadcasterSetRtmpSettingsTest"/>
  <testcase name="broadcasterSingleStreamRemoving" time="0.077" classname="com.zixi.testing.BroadcasterSetRtmpSettingsTest"/>
  <testcase name="broadcasterSingleStreamRemoving" time="0.091" classname="com.zixi.testing.BroadcasterSetRtmpSettingsTest"/>
  <testcase name="broadcasterSingleStreamRemoving" time="0.072" classname="com.zixi.testing.BroadcasterSetRtmpSettingsTest"/>
</testsuite> <!-- com.zixi.testing.BroadcasterSetRtmpSettingsTest -->
