<?xml version="1.0" encoding="UTF-8"?>
<!-- Generated by org.testng.reporters.JUnitReportReporter -->
<testsuite hostname="yuri-PC" name="com.zixi.testing.BroadcasterAddTranscoderProfileTest" tests="5" failures="0" timestamp="8 Dec 2015 09:59:26 GMT" time="0.383" errors="0">
  <testcase name="broadcasterSingleInputStreamstatisticAnilyzer" time="0.072" classname="com.zixi.testing.BroadcasterAddTranscoderProfileTest"/>
  <testcase name="broadcasterSingleInputStreamstatisticAnilyzer" time="0.069" classname="com.zixi.testing.BroadcasterAddTranscoderProfileTest"/>
  <testcase name="broadcasterSingleInputStreamstatisticAnilyzer" time="0.074" classname="com.zixi.testing.BroadcasterAddTranscoderProfileTest"/>
  <testcase name="broadcasterSingleInputStreamstatisticAnilyzer" time="0.075" classname="com.zixi.testing.BroadcasterAddTranscoderProfileTest"/>
  <testcase name="broadcasterSingleInputStreamstatisticAnilyzer" time="0.093" classname="com.zixi.testing.BroadcasterAddTranscoderProfileTest"/>
</testsuite> <!-- com.zixi.testing.BroadcasterAddTranscoderProfileTest -->
