<?xml version="1.0" encoding="UTF-8"?>
<!-- Generated by org.testng.reporters.JUnitReportReporter -->
<testsuite hostname="yuri-PC" name="com.zixi.testing.BroadcasterUDPOutputStreamCreationTest" tests="8" failures="0" timestamp="15 Feb 2017 16:26:58 GMT" time="0.769" errors="0">
  <testcase name="broadcasterPullInCreation" time="0.101" classname="com.zixi.testing.BroadcasterUDPOutputStreamCreationTest"/>
  <testcase name="broadcasterPullInCreation" time="0.092" classname="com.zixi.testing.BroadcasterUDPOutputStreamCreationTest"/>
  <testcase name="broadcasterPullInCreation" time="0.077" classname="com.zixi.testing.BroadcasterUDPOutputStreamCreationTest"/>
  <testcase name="broadcasterPullInCreation" time="0.093" classname="com.zixi.testing.BroadcasterUDPOutputStreamCreationTest"/>
  <testcase name="broadcasterPullInCreation" time="0.070" classname="com.zixi.testing.BroadcasterUDPOutputStreamCreationTest"/>
  <testcase name="broadcasterPullInCreation" time="0.072" classname="com.zixi.testing.BroadcasterUDPOutputStreamCreationTest"/>
  <testcase name="broadcasterPullInCreation" time="0.090" classname="com.zixi.testing.BroadcasterUDPOutputStreamCreationTest"/>
  <testcase name="broadcasterPullInCreation" time="0.174" classname="com.zixi.testing.BroadcasterUDPOutputStreamCreationTest"/>
</testsuite> <!-- com.zixi.testing.BroadcasterUDPOutputStreamCreationTest -->
