<?xml version="1.0" encoding="UTF-8"?>
<!-- Generated by org.testng.reporters.JUnitReportReporter -->
<testsuite hostname="yuri-PC" name="com.zixi.testing.FFMPEGImageStatisticHlsTest" tests="1" failures="0" timestamp="9 Dec 2015 10:51:25 GMT" time="40.070" errors="0">
  <testcase name="broadcasterSingleInputStreamStatisticAnilyzer" time="40.070" classname="com.zixi.testing.FFMPEGImageStatisticHlsTest"/>
</testsuite> <!-- com.zixi.testing.FFMPEGImageStatisticHlsTest -->
