<?xml version="1.0" encoding="UTF-8"?>
<!-- Generated by org.testng.reporters.JUnitReportReporter -->
<testsuite hostname="yuri-PC" name="com.zixi.testing.BroadcasterTrannscodeStreamTest" tests="2" failures="0" timestamp="15 Feb 2016 19:11:00 GMT" time="0.168" errors="0">
  <testcase name="broadcasterSingleInputStreamstatisticAnilyzer" time="0.080" classname="com.zixi.testing.BroadcasterTrannscodeStreamTest"/>
  <testcase name="broadcasterSingleInputStreamstatisticAnilyzer" time="0.088" classname="com.zixi.testing.BroadcasterTrannscodeStreamTest"/>
</testsuite> <!-- com.zixi.testing.BroadcasterTrannscodeStreamTest -->
