<?xml version="1.0" encoding="UTF-8"?>
<!-- Generated by org.testng.reporters.JUnitReportReporter -->
<testsuite hostname="yuri-PC" name="com.zixi.testing.BroadcaserSingleOutputStreamDeletionTest" tests="2" failures="0" timestamp="19 Feb 2017 14:46:24 GMT" time="0.156" errors="0">
  <testcase name="broadcasterSingleStreamRemoving" time="0.074" classname="com.zixi.testing.BroadcaserSingleOutputStreamDeletionTest"/>
  <testcase name="broadcasterSingleStreamRemoving" time="0.082" classname="com.zixi.testing.BroadcaserSingleOutputStreamDeletionTest"/>
</testsuite> <!-- com.zixi.testing.BroadcaserSingleOutputStreamDeletionTest -->
