<?xml version="1.0" encoding="UTF-8"?>
<!-- Generated by org.testng.reporters.JUnitReportReporter -->
<testsuite hostname="yuri-PC" name="com.zixi.testing.BroadcasterSinglePullInStreamCreationTest" tests="4" failures="0" timestamp="16 Feb 2017 11:14:07 GMT" time="0.440" errors="0">
  <testcase name="broadcasterPullInCreation" time="0.066" classname="com.zixi.testing.BroadcasterSinglePullInStreamCreationTest"/>
  <testcase name="broadcasterPullInCreation" time="0.080" classname="com.zixi.testing.BroadcasterSinglePullInStreamCreationTest"/>
  <testcase name="broadcasterPullInCreation" time="0.212" classname="com.zixi.testing.BroadcasterSinglePullInStreamCreationTest"/>
  <testcase name="broadcasterPullInCreation" time="0.082" classname="com.zixi.testing.BroadcasterSinglePullInStreamCreationTest"/>
</testsuite> <!-- com.zixi.testing.BroadcasterSinglePullInStreamCreationTest -->
