<?xml version="1.0" encoding="UTF-8"?>
<!-- Generated by org.testng.reporters.JUnitReportReporter -->
<testsuite hostname="yuri-PC" name="com.zixi.testing.FFMPEGStreamPrameters" tests="1" failures="0" timestamp="11 Jan 2017 14:33:57 GMT" time="8.214" errors="0">
  <testcase name="broadcasterSingleInputStreamStatisticAnilyzer" time="8.214" classname="com.zixi.testing.FFMPEGStreamPrameters"/>
</testsuite> <!-- com.zixi.testing.FFMPEGStreamPrameters -->
