<?xml version="1.0" encoding="UTF-8"?>
<!-- Generated by org.testng.reporters.JUnitReportReporter -->
<testsuite hostname="yuri-PC" name="com.zixi.testing.BroadcasterRtmpInputEncryptedTest" tests="3" failures="0" timestamp="16 May 2016 10:05:50 GMT" time="0.235" errors="0">
  <testcase name="broadcasterRtmpPullTest" time="0.080" classname="com.zixi.testing.BroadcasterRtmpInputEncryptedTest"/>
  <testcase name="broadcasterRtmpPullTest" time="0.082" classname="com.zixi.testing.BroadcasterRtmpInputEncryptedTest"/>
  <testcase name="broadcasterRtmpPullTest" time="0.073" classname="com.zixi.testing.BroadcasterRtmpInputEncryptedTest"/>
</testsuite> <!-- com.zixi.testing.BroadcasterRtmpInputEncryptedTest -->
