<?xml version="1.0" encoding="UTF-8"?>
<!-- Generated by org.testng.reporters.JUnitReportReporter -->
<testsuite hostname="yuri-PC" name="com.zixi.testing.BroadcasterSinglePullInStreamCreationTest" tests="4" failures="0" timestamp="18 Feb 2017 18:58:11 GMT" time="0.429" errors="0">
  <testcase name="broadcasterPullInCreation" time="0.067" classname="com.zixi.testing.BroadcasterSinglePullInStreamCreationTest"/>
  <testcase name="broadcasterPullInCreation" time="0.083" classname="com.zixi.testing.BroadcasterSinglePullInStreamCreationTest"/>
  <testcase name="broadcasterPullInCreation" time="0.213" classname="com.zixi.testing.BroadcasterSinglePullInStreamCreationTest"/>
  <testcase name="broadcasterPullInCreation" time="0.066" classname="com.zixi.testing.BroadcasterSinglePullInStreamCreationTest"/>
</testsuite> <!-- com.zixi.testing.BroadcasterSinglePullInStreamCreationTest -->
