<?xml version="1.0" encoding="UTF-8"?>
<!-- Generated by org.testng.reporters.JUnitReportReporter -->
<testsuite hostname="yuri-PC" name="com.zixi.testing.BroadcasterUDPOutputStreamCreationTest" tests="4" failures="0" timestamp="18 Feb 2017 18:58:11 GMT" time="0.277" errors="0">
  <testcase name="broadcasterPullInCreation" time="0.070" classname="com.zixi.testing.BroadcasterUDPOutputStreamCreationTest"/>
  <testcase name="broadcasterPullInCreation" time="0.065" classname="com.zixi.testing.BroadcasterUDPOutputStreamCreationTest"/>
  <testcase name="broadcasterPullInCreation" time="0.071" classname="com.zixi.testing.BroadcasterUDPOutputStreamCreationTest"/>
  <testcase name="broadcasterPullInCreation" time="0.071" classname="com.zixi.testing.BroadcasterUDPOutputStreamCreationTest"/>
</testsuite> <!-- com.zixi.testing.BroadcasterUDPOutputStreamCreationTest -->
