<?xml version="1.0" encoding="UTF-8"?>
<!-- Generated by org.testng.reporters.JUnitReportReporter -->
<testsuite hostname="yuri-PC" name="com.zixi.testing.VisualQualityTest" tests="4" failures="0" timestamp="14 Nov 2016 13:07:50 GMT" time="445.184" errors="0">
  <testcase name="broadcasterRtmpPullTest" time="76.956" classname="com.zixi.testing.VisualQualityTest"/>
  <testcase name="broadcasterRtmpPullTest" time="171.036" classname="com.zixi.testing.VisualQualityTest"/>
  <testcase name="broadcasterRtmpPullTest" time="132.095" classname="com.zixi.testing.VisualQualityTest"/>
  <testcase name="broadcasterRtmpPullTest" time="65.097" classname="com.zixi.testing.VisualQualityTest"/>
</testsuite> <!-- com.zixi.testing.VisualQualityTest -->
